  [1m[35m (0.1ms)[0m  [1m[34mSELECT sqlite_version(*)[0m
  [1m[35m (3.0ms)[0m  [1m[35mCREATE TABLE "schema_migrations" ("version" varchar NOT NULL PRIMARY KEY)[0m
  [1m[35m (3.3ms)[0m  [1m[35mCREATE TABLE "ar_internal_metadata" ("key" varchar NOT NULL PRIMARY KEY, "value" varchar, "created_at" datetime NOT NULL, "updated_at" datetime NOT NULL)[0m
  [1m[35m (0.3ms)[0m  [1m[34mSELECT "schema_migrations"."version" FROM "schema_migrations" ORDER BY "schema_migrations"."version" ASC[0m
Migrating to CreatePosts (20180321030309)
  [1m[35m (0.1ms)[0m  [1m[36mbegin transaction[0m
  [1m[35m (0.6ms)[0m  [1m[35mCREATE TABLE "posts" ("id" INTEGER PRIMARY KEY AUTOINCREMENT NOT NULL, "caption" varchar, "created_at" datetime NOT NULL, "updated_at" datetime NOT NULL)[0m
  [1m[35mSQL (0.2ms)[0m  [1m[32mINSERT INTO "schema_migrations" ("version") VALUES (?)[0m  [["version", "20180321030309"]]
  [1m[35m (3.5ms)[0m  [1m[36mcommit transaction[0m
  [1m[36mActiveRecord::InternalMetadata Load (0.2ms)[0m  [1m[34mSELECT  "ar_internal_metadata".* FROM "ar_internal_metadata" WHERE "ar_internal_metadata"."key" = ? LIMIT ?[0m  [["key", "environment"], ["LIMIT", 1]]
  [1m[35m (0.1ms)[0m  [1m[36mbegin transaction[0m
  [1m[35mSQL (1.9ms)[0m  [1m[32mINSERT INTO "ar_internal_metadata" ("key", "value", "created_at", "updated_at") VALUES (?, ?, ?, ?)[0m  [["key", "environment"], ["value", "development"], ["created_at", "2018-03-21 03:09:48.251348"], ["updated_at", "2018-03-21 03:09:48.251348"]]
  [1m[35m (3.2ms)[0m  [1m[36mcommit transaction[0m
  [1m[35m (0.2ms)[0m  [1m[34mSELECT "schema_migrations"."version" FROM "schema_migrations" ORDER BY "schema_migrations"."version" ASC[0m
  [1m[35m (0.9ms)[0m  [1m[34mSELECT "schema_migrations"."version" FROM "schema_migrations" ORDER BY "schema_migrations"."version" ASC[0m
Migrating to CreateMembers (20180321032554)
  [1m[35m (0.1ms)[0m  [1m[36mbegin transaction[0m
  [1m[35m (0.1ms)[0m  [1m[34mSELECT sqlite_version(*)[0m
  [1m[35m (0.5ms)[0m  [1m[35mCREATE TABLE "members" ("id" INTEGER PRIMARY KEY AUTOINCREMENT NOT NULL, "first_name" varchar, "last_name" varchar, "username" varchar, "email" varchar, "mobile_phone" varchar, "created_at" datetime NOT NULL, "updated_at" datetime NOT NULL)[0m
  [1m[35mSQL (1.0ms)[0m  [1m[32mINSERT INTO "schema_migrations" ("version") VALUES (?)[0m  [["version", "20180321032554"]]
  [1m[35m (18.0ms)[0m  [1m[36mcommit transaction[0m
  [1m[36mActiveRecord::InternalMetadata Load (1.2ms)[0m  [1m[34mSELECT  "ar_internal_metadata".* FROM "ar_internal_metadata" WHERE "ar_internal_metadata"."key" = ? LIMIT ?[0m  [["key", "environment"], ["LIMIT", 1]]
  [1m[35m (0.1ms)[0m  [1m[36mbegin transaction[0m
  [1m[35m (0.0ms)[0m  [1m[36mcommit transaction[0m
  [1m[35m (0.2ms)[0m  [1m[34mSELECT "schema_migrations"."version" FROM "schema_migrations" ORDER BY "schema_migrations"."version" ASC[0m
  [1m[35m (0.2ms)[0m  [1m[34mSELECT "schema_migrations"."version" FROM "schema_migrations" ORDER BY "schema_migrations"."version" ASC[0m
  [1m[35m (9.6ms)[0m  [1m[34mSELECT "ar_internal_metadata"."value" FROM "ar_internal_metadata" WHERE "ar_internal_metadata"."key" = ?[0m  [["key", "environment"]]
  [1m[35m (0.2ms)[0m  [1m[34mSELECT "schema_migrations"."version" FROM "schema_migrations" ORDER BY "schema_migrations"."version" ASC[0m
  [1m[35m (0.2ms)[0m  [1m[34mSELECT "ar_internal_metadata"."value" FROM "ar_internal_metadata" WHERE "ar_internal_metadata"."key" = ?[0m  [["key", "environment"]]
  [1m[35m (0.2ms)[0m  [1m[34mSELECT "schema_migrations"."version" FROM "schema_migrations" ORDER BY "schema_migrations"."version" ASC[0m
  [1m[35m (0.2ms)[0m  [1m[34mSELECT "ar_internal_metadata"."value" FROM "ar_internal_metadata" WHERE "ar_internal_metadata"."key" = ?[0m  [["key", "environment"]]
  [1m[35m (0.2ms)[0m  [1m[34mSELECT sqlite_version(*)[0m
  [1m[35m (5.3ms)[0m  [1m[35mCREATE TABLE "schema_migrations" ("version" varchar NOT NULL PRIMARY KEY)[0m
  [1m[35m (3.2ms)[0m  [1m[35mCREATE TABLE "ar_internal_metadata" ("key" varchar NOT NULL PRIMARY KEY, "value" varchar, "created_at" datetime NOT NULL, "updated_at" datetime NOT NULL)[0m
  [1m[35m (0.2ms)[0m  [1m[34mSELECT "schema_migrations"."version" FROM "schema_migrations" ORDER BY "schema_migrations"."version" ASC[0m
Migrating to CreatePosts (20180321030309)
  [1m[35m (0.2ms)[0m  [1m[36mbegin transaction[0m
  [1m[35m (0.6ms)[0m  [1m[35mCREATE TABLE "posts" ("id" INTEGER PRIMARY KEY AUTOINCREMENT NOT NULL, "caption" varchar, "created_at" datetime NOT NULL, "updated_at" datetime NOT NULL)[0m
  [1m[35mSQL (0.2ms)[0m  [1m[32mINSERT INTO "schema_migrations" ("version") VALUES (?)[0m  [["version", "20180321030309"]]
  [1m[35m (3.5ms)[0m  [1m[36mcommit transaction[0m
Migrating to CreateMembers (20180321032554)
  [1m[35m (0.1ms)[0m  [1m[36mbegin transaction[0m
  [1m[35m (0.6ms)[0m  [1m[35mCREATE TABLE "members" ("id" INTEGER PRIMARY KEY AUTOINCREMENT NOT NULL, "first_name" varchar, "last_name" varchar, "username" varchar, "email" varchar, "mobile_phone" varchar, "created_at" datetime NOT NULL, "updated_at" datetime NOT NULL)[0m
  [1m[35mSQL (0.2ms)[0m  [1m[32mINSERT INTO "schema_migrations" ("version") VALUES (?)[0m  [["version", "20180321032554"]]
  [1m[35m (3.7ms)[0m  [1m[36mcommit transaction[0m
  [1m[36mActiveRecord::InternalMetadata Load (0.1ms)[0m  [1m[34mSELECT  "ar_internal_metadata".* FROM "ar_internal_metadata" WHERE "ar_internal_metadata"."key" = ? LIMIT ?[0m  [["key", "environment"], ["LIMIT", 1]]
  [1m[35m (0.1ms)[0m  [1m[36mbegin transaction[0m
  [1m[35mSQL (0.5ms)[0m  [1m[32mINSERT INTO "ar_internal_metadata" ("key", "value", "created_at", "updated_at") VALUES (?, ?, ?, ?)[0m  [["key", "environment"], ["value", "development"], ["created_at", "2018-03-21 03:28:49.340002"], ["updated_at", "2018-03-21 03:28:49.340002"]]
  [1m[35m (3.3ms)[0m  [1m[36mcommit transaction[0m
  [1m[35m (0.2ms)[0m  [1m[34mSELECT "schema_migrations"."version" FROM "schema_migrations" ORDER BY "schema_migrations"."version" ASC[0m
  [1m[35m (0.2ms)[0m  [1m[36mbegin transaction[0m
  [1m[35mSQL (14.5ms)[0m  [1m[32mINSERT INTO "members" ("first_name", "created_at", "updated_at") VALUES (?, ?, ?)[0m  [["first_name", "Finn"], ["created_at", "2018-03-21 03:31:34.375050"], ["updated_at", "2018-03-21 03:31:34.375050"]]
  [1m[35m (4.0ms)[0m  [1m[36mcommit transaction[0m
  [1m[36mMember Load (0.4ms)[0m  [1m[34mSELECT  "members".* FROM "members" LIMIT ?[0m  [["LIMIT", 11]]
  [1m[36mMember Load (0.2ms)[0m  [1m[34mSELECT  "members".* FROM "members" ORDER BY "members"."id" ASC LIMIT ?[0m  [["LIMIT", 1]]
  [1m[35mSQL (4.6ms)[0m  [1m[31mDELETE FROM "members" WHERE "members"."id" = ?[0m  [["id", 1]]
  [1m[36mMember Load (0.5ms)[0m  [1m[34mSELECT  "members".* FROM "members" LIMIT ?[0m  [["LIMIT", 11]]
  [1m[36mMember Load (0.3ms)[0m  [1m[34mSELECT  "members".* FROM "members" LIMIT ?[0m  [["LIMIT", 11]]
  [1m[35m (0.2ms)[0m  [1m[36mbegin transaction[0m
  [1m[35mSQL (12.0ms)[0m  [1m[32mINSERT INTO "members" ("first_name", "created_at", "updated_at") VALUES (?, ?, ?)[0m  [["first_name", "Capt."], ["created_at", "2018-03-21 03:37:49.349261"], ["updated_at", "2018-03-21 03:37:49.349261"]]
  [1m[35m (13.4ms)[0m  [1m[36mcommit transaction[0m
  [1m[35mSQL (4.6ms)[0m  [1m[31mDELETE FROM "members" WHERE "members"."id" = ?[0m  [["id", 2]]
  [1m[35m (0.1ms)[0m  [1m[36mbegin transaction[0m
  [1m[35m (0.1ms)[0m  [1m[36mcommit transaction[0m
  [1m[36mMember Load (1.1ms)[0m  [1m[34mSELECT  "members".* FROM "members" LIMIT ?[0m  [["LIMIT", 11]]
  [1m[36mMember Load (0.3ms)[0m  [1m[34mSELECT  "members".* FROM "members" WHERE "members"."first_name" = ? LIMIT ?[0m  [["first_name", "finn"], ["LIMIT", 11]]
Started GET "/" for 127.0.0.1 at 2018-03-21 11:45:16 +0800
  [1m[35m (0.9ms)[0m  [1m[34mSELECT "schema_migrations"."version" FROM "schema_migrations" ORDER BY "schema_migrations"."version" ASC[0m
Processing by Rails::WelcomeController#index as HTML
  Rendering /Users/ulysses/.rvm/gems/ruby-2.4.1@ikigai-dojo/gems/railties-5.1.5/lib/rails/templates/rails/welcome/index.html.erb
  Rendered /Users/ulysses/.rvm/gems/ruby-2.4.1@ikigai-dojo/gems/railties-5.1.5/lib/rails/templates/rails/welcome/index.html.erb (7.0ms)
Completed 200 OK in 113ms (Views: 45.2ms | ActiveRecord: 0.0ms)


Started GET "/posts" for 127.0.0.1 at 2018-03-21 11:45:20 +0800
Processing by PostsController#index as HTML
  Rendering posts/index.html.erb within layouts/application
  [1m[36mPost Load (8.5ms)[0m  [1m[34mSELECT "posts".* FROM "posts"[0m
  Rendered posts/index.html.erb within layouts/application (22.3ms)
Completed 200 OK in 1009ms (Views: 990.2ms | ActiveRecord: 9.4ms)


Started GET "/posts/new" for 127.0.0.1 at 2018-03-21 11:45:24 +0800
Processing by PostsController#new as HTML
  Rendering posts/new.html.erb within layouts/application
  Rendered posts/_form.html.erb (118.3ms)
  Rendered posts/new.html.erb within layouts/application (124.8ms)
Completed 200 OK in 228ms (Views: 175.5ms | ActiveRecord: 1.0ms)


Started POST "/posts" for 127.0.0.1 at 2018-03-21 11:45:38 +0800
Processing by PostsController#create as HTML
  Parameters: {"utf8"=>"✓", "authenticity_token"=>"d78AeaIITziQcwUub4S6W7WDacWsCVHIMsehYkhu9rj6LMZekt2Bndn3yL8qpUu+qi1puuDOMoeRLJNAX4V/6g==", "post"=>{"caption"=>""}, "commit"=>"Create Post"}
  [1m[35m (0.1ms)[0m  [1m[36mbegin transaction[0m
  [1m[35m (0.1ms)[0m  [1m[31mrollback transaction[0m
  Rendering posts/new.html.erb within layouts/application
  Rendered posts/_form.html.erb (5.4ms)
  Rendered posts/new.html.erb within layouts/application (11.3ms)
Completed 200 OK in 62ms (Views: 57.9ms | ActiveRecord: 0.2ms)


Started GET "/posts/new" for 127.0.0.1 at 2018-03-21 11:46:33 +0800
  [1m[35m (6.7ms)[0m  [1m[34mSELECT "schema_migrations"."version" FROM "schema_migrations" ORDER BY "schema_migrations"."version" ASC[0m
Processing by PostsController#new as HTML
  Rendering posts/new.html.erb within layouts/application
  Rendered posts/_form.html.erb (67.4ms)
  Rendered posts/new.html.erb within layouts/application (74.9ms)
Completed 200 OK in 509ms (Views: 477.5ms | ActiveRecord: 0.9ms)


Started GET "/posts/new" for 127.0.0.1 at 2018-03-21 11:46:35 +0800
Processing by PostsController#new as HTML
  Rendering posts/new.html.erb within layouts/application
  Rendered posts/_form.html.erb (3.1ms)
  Rendered posts/new.html.erb within layouts/application (14.2ms)
Completed 200 OK in 70ms (Views: 61.9ms | ActiveRecord: 0.0ms)


Started POST "/posts" for 127.0.0.1 at 2018-03-21 11:46:41 +0800
Processing by PostsController#create as HTML
  Parameters: {"utf8"=>"✓", "authenticity_token"=>"BsY1pXdQ8zGVXjE6E/N0yVb5KwdB5528Rt5edtGRcFjAJg0nl5I4cHWP1DjAq4mWgZzTKVaHJwmGyzrBEL0C5g==", "post"=>{"caption"=>""}, "commit"=>"Create Post"}
  [1m[35m (0.1ms)[0m  [1m[36mbegin transaction[0m
  [1m[35mSQL (12.5ms)[0m  [1m[32mINSERT INTO "posts" ("caption", "created_at", "updated_at") VALUES (?, ?, ?)[0m  [["caption", ""], ["created_at", "2018-03-21 03:46:41.625525"], ["updated_at", "2018-03-21 03:46:41.625525"]]
  [1m[35m (3.3ms)[0m  [1m[36mcommit transaction[0m
Redirected to http://localhost:3000/posts/1
Completed 302 Found in 36ms (ActiveRecord: 16.8ms)


Started GET "/posts/1" for 127.0.0.1 at 2018-03-21 11:46:41 +0800
Processing by PostsController#show as HTML
  Parameters: {"id"=>"1"}
  [1m[36mPost Load (0.4ms)[0m  [1m[34mSELECT  "posts".* FROM "posts" WHERE "posts"."id" = ? LIMIT ?[0m  [["id", 1], ["LIMIT", 1]]
  Rendering posts/show.html.erb within layouts/application
  Rendered posts/show.html.erb within layouts/application (1.4ms)
Completed 200 OK in 88ms (Views: 42.2ms | ActiveRecord: 0.4ms)


Started GET "/posts/new" for 127.0.0.1 at 2018-03-21 11:48:16 +0800
Processing by PostsController#new as HTML
  Rendering posts/new.html.erb within layouts/application
  Rendered posts/_form.html.erb (18.8ms)
  Rendered posts/new.html.erb within layouts/application (35.8ms)
Completed 200 OK in 219ms (Views: 175.6ms | ActiveRecord: 0.0ms)


Started GET "/posts" for 127.0.0.1 at 2018-03-21 11:48:18 +0800
Processing by PostsController#index as HTML
  Rendering posts/index.html.erb within layouts/application
  [1m[36mPost Load (1.3ms)[0m  [1m[34mSELECT "posts".* FROM "posts"[0m
  Rendered posts/index.html.erb within layouts/application (27.1ms)
Completed 200 OK in 242ms (Views: 234.6ms | ActiveRecord: 1.3ms)


Started GET "/posts/new" for 127.0.0.1 at 2018-03-21 11:48:38 +0800
Processing by PostsController#new as HTML
  Rendering posts/new.html.erb within layouts/application
  Rendered posts/_form.html.erb (2.3ms)
  Rendered posts/new.html.erb within layouts/application (7.1ms)
Completed 200 OK in 54ms (Views: 46.6ms | ActiveRecord: 0.0ms)


Started POST "/posts" for 127.0.0.1 at 2018-03-21 11:48:43 +0800
Processing by PostsController#create as HTML
  Parameters: {"utf8"=>"✓", "authenticity_token"=>"2JtVhll8bEhj80Y0MaJ/Wkpi6XJV3kly2l1iB1Q2q4hVCJOhaami7Sp3i6V0g46/VczpDRkZKj15tlAlQ90i2g==", "post"=>{"caption"=>"Alpha"}, "commit"=>"Create Post"}
  [1m[35m (0.2ms)[0m  [1m[36mbegin transaction[0m
  [1m[35mSQL (6.9ms)[0m  [1m[32mINSERT INTO "posts" ("caption", "created_at", "updated_at") VALUES (?, ?, ?)[0m  [["caption", "Alpha"], ["created_at", "2018-03-21 03:48:43.738306"], ["updated_at", "2018-03-21 03:48:43.738306"]]
  [1m[35m (3.3ms)[0m  [1m[36mcommit transaction[0m
Redirected to http://localhost:3000/posts/2
Completed 302 Found in 17ms (ActiveRecord: 10.4ms)


Started GET "/posts/2" for 127.0.0.1 at 2018-03-21 11:48:43 +0800
Processing by PostsController#show as HTML
  Parameters: {"id"=>"2"}
  [1m[36mPost Load (0.3ms)[0m  [1m[34mSELECT  "posts".* FROM "posts" WHERE "posts"."id" = ? LIMIT ?[0m  [["id", 2], ["LIMIT", 1]]
  Rendering posts/show.html.erb within layouts/application
  Rendered posts/show.html.erb within layouts/application (1.2ms)
Completed 200 OK in 62ms (Views: 46.7ms | ActiveRecord: 0.3ms)


Started GET "/posts" for 127.0.0.1 at 2018-03-21 11:48:45 +0800
Processing by PostsController#index as HTML
  Rendering posts/index.html.erb within layouts/application
  [1m[36mPost Load (0.3ms)[0m  [1m[34mSELECT "posts".* FROM "posts"[0m
  Rendered posts/index.html.erb within layouts/application (3.5ms)
Completed 200 OK in 53ms (Views: 46.7ms | ActiveRecord: 0.3ms)


Started GET "/posts/new" for 127.0.0.1 at 2018-03-21 11:48:48 +0800
Processing by PostsController#new as HTML
  Rendering posts/new.html.erb within layouts/application
  Rendered posts/_form.html.erb (2.4ms)
  Rendered posts/new.html.erb within layouts/application (11.4ms)
Completed 200 OK in 86ms (Views: 80.6ms | ActiveRecord: 0.0ms)


Started POST "/posts" for 127.0.0.1 at 2018-03-21 11:48:53 +0800
Processing by PostsController#create as HTML
  Parameters: {"utf8"=>"✓", "authenticity_token"=>"87jcrZ6xXC5J6nUWmtO14x0xKDJ/I3FWOERBe3a0qKh+KxqKrmSSiwBuuIff8kQGAp8oTTPkEhmbr3NZYV8h+g==", "post"=>{"caption"=>"omega"}, "commit"=>"Create Post"}
  [1m[35m (0.4ms)[0m  [1m[36mbegin transaction[0m
  [1m[35mSQL (0.6ms)[0m  [1m[32mINSERT INTO "posts" ("caption", "created_at", "updated_at") VALUES (?, ?, ?)[0m  [["caption", "omega"], ["created_at", "2018-03-21 03:48:53.794600"], ["updated_at", "2018-03-21 03:48:53.794600"]]
  [1m[35m (3.2ms)[0m  [1m[36mcommit transaction[0m
Redirected to http://localhost:3000/posts/3
Completed 302 Found in 8ms (ActiveRecord: 4.2ms)


Started GET "/posts/3" for 127.0.0.1 at 2018-03-21 11:48:53 +0800
Processing by PostsController#show as HTML
  Parameters: {"id"=>"3"}
  [1m[36mPost Load (0.2ms)[0m  [1m[34mSELECT  "posts".* FROM "posts" WHERE "posts"."id" = ? LIMIT ?[0m  [["id", 3], ["LIMIT", 1]]
  Rendering posts/show.html.erb within layouts/application
  Rendered posts/show.html.erb within layouts/application (1.8ms)
Completed 200 OK in 74ms (Views: 54.1ms | ActiveRecord: 0.2ms)


Started GET "/posts" for 127.0.0.1 at 2018-03-21 11:48:55 +0800
Processing by PostsController#index as HTML
  Rendering posts/index.html.erb within layouts/application
  [1m[36mPost Load (0.9ms)[0m  [1m[34mSELECT "posts".* FROM "posts"[0m
  Rendered posts/index.html.erb within layouts/application (5.1ms)
Completed 200 OK in 63ms (Views: 56.9ms | ActiveRecord: 0.9ms)


  [1m[36mPost Load (4.2ms)[0m  [1m[34mSELECT  "posts".* FROM "posts" LIMIT ?[0m  [["LIMIT", 11]]
  [1m[35m (0.3ms)[0m  [1m[34mSELECT COUNT(*) FROM "posts"[0m
Started DELETE "/posts/1" for 127.0.0.1 at 2018-03-21 11:49:59 +0800
Processing by PostsController#destroy as HTML
  Parameters: {"authenticity_token"=>"kk76zPLfJkILvK7lGJES8izyPF5s7QY8/9UQZeB5OZ1UrsJOEh3tA+ttS+fLye+t+5fEcHuNvIk/wHTSIVVLIw==", "id"=>"1"}
  [1m[36mPost Load (1.7ms)[0m  [1m[34mSELECT  "posts".* FROM "posts" WHERE "posts"."id" = ? LIMIT ?[0m  [["id", 1], ["LIMIT", 1]]
  [1m[35m (0.6ms)[0m  [1m[36mbegin transaction[0m
  [1m[35mSQL (0.9ms)[0m  [1m[31mDELETE FROM "posts" WHERE "posts"."id" = ?[0m  [["id", 1]]
  [1m[35m (3.4ms)[0m  [1m[36mcommit transaction[0m
Redirected to http://localhost:3000/posts
Completed 302 Found in 66ms (ActiveRecord: 6.7ms)


Started GET "/posts" for 127.0.0.1 at 2018-03-21 11:49:59 +0800
Processing by PostsController#index as HTML
  Rendering posts/index.html.erb within layouts/application
  [1m[36mPost Load (0.5ms)[0m  [1m[34mSELECT "posts".* FROM "posts"[0m
  Rendered posts/index.html.erb within layouts/application (23.4ms)
Completed 200 OK in 328ms (Views: 321.4ms | ActiveRecord: 0.5ms)


Started GET "/posts/new" for 127.0.0.1 at 2018-03-21 11:50:37 +0800
Processing by PostsController#new as HTML
  Rendering posts/new.html.erb within layouts/application
  Rendered posts/_form.html.erb (4.6ms)
  Rendered posts/new.html.erb within layouts/application (13.7ms)
Completed 200 OK in 81ms (Views: 63.1ms | ActiveRecord: 0.0ms)


  [1m[35m (0.1ms)[0m  [1m[36mbegin transaction[0m
  [1m[35m (0.1ms)[0m  [1m[31mrollback transaction[0m
  [1m[35m (0.2ms)[0m  [1m[36mbegin transaction[0m
  [1m[35m (0.1ms)[0m  [1m[31mrollback transaction[0m
Started GET "/posts" for 127.0.0.1 at 2018-03-21 11:55:23 +0800
Started GET "/posts/new" for 127.0.0.1 at 2018-03-21 11:55:24 +0800
Processing by PostsController#index as HTML
  Rendering posts/index.html.erb within layouts/application
  [1m[36mPost Load (0.2ms)[0m  [1m[34mSELECT "posts".* FROM "posts"[0m
  Rendered posts/index.html.erb within layouts/application (26.3ms)
Completed 200 OK in 188ms (Views: 168.1ms | ActiveRecord: 1.6ms)


Processing by PostsController#new as HTML
  Rendering posts/new.html.erb within layouts/application
  Rendered posts/_form.html.erb (8.1ms)
  Rendered posts/new.html.erb within layouts/application (18.6ms)
Completed 200 OK in 105ms (Views: 79.9ms | ActiveRecord: 1.6ms)


Started GET "/posts" for 127.0.0.1 at 2018-03-21 14:55:50 +0800
  [1m[35m (13.6ms)[0m  [1m[34mSELECT "schema_migrations"."version" FROM "schema_migrations" ORDER BY "schema_migrations"."version" ASC[0m
Processing by PostsController#index as HTML
  Rendering posts/index.html.erb within layouts/application
  [1m[36mPost Load (0.9ms)[0m  [1m[34mSELECT "posts".* FROM "posts"[0m
  Rendered posts/index.html.erb within layouts/application (18.3ms)
Completed 200 OK in 655ms (Views: 602.9ms | ActiveRecord: 1.6ms)


Started GET "/posts/2" for 127.0.0.1 at 2018-03-21 14:56:03 +0800
Processing by PostsController#show as HTML
  Parameters: {"id"=>"2"}
  [1m[36mPost Load (16.6ms)[0m  [1m[34mSELECT  "posts".* FROM "posts" WHERE "posts"."id" = ? LIMIT ?[0m  [["id", 2], ["LIMIT", 1]]
  Rendering posts/show.html.erb within layouts/application
  Rendered posts/show.html.erb within layouts/application (1.2ms)
Completed 200 OK in 180ms (Views: 132.1ms | ActiveRecord: 16.9ms)


  [1m[35m (0.2ms)[0m  [1m[34mSELECT "schema_migrations"."version" FROM "schema_migrations" ORDER BY "schema_migrations"."version" ASC[0m
  [1m[35m (3.8ms)[0m  [1m[34mSELECT "ar_internal_metadata"."value" FROM "ar_internal_metadata" WHERE "ar_internal_metadata"."key" = ?[0m  [["key", "environment"]]
  [1m[35m (0.1ms)[0m  [1m[34mSELECT "schema_migrations"."version" FROM "schema_migrations" ORDER BY "schema_migrations"."version" ASC[0m
  [1m[35m (0.1ms)[0m  [1m[34mSELECT "ar_internal_metadata"."value" FROM "ar_internal_metadata" WHERE "ar_internal_metadata"."key" = ?[0m  [["key", "environment"]]
  [1m[35m (0.1ms)[0m  [1m[34mSELECT "schema_migrations"."version" FROM "schema_migrations" ORDER BY "schema_migrations"."version" ASC[0m
  [1m[35m (0.1ms)[0m  [1m[34mSELECT "ar_internal_metadata"."value" FROM "ar_internal_metadata" WHERE "ar_internal_metadata"."key" = ?[0m  [["key", "environment"]]
  [1m[35m (0.1ms)[0m  [1m[34mSELECT sqlite_version(*)[0m
  [1m[35m (3.2ms)[0m  [1m[35mCREATE TABLE "schema_migrations" ("version" varchar NOT NULL PRIMARY KEY)[0m
  [1m[35m (3.8ms)[0m  [1m[35mCREATE TABLE "ar_internal_metadata" ("key" varchar NOT NULL PRIMARY KEY, "value" varchar, "created_at" datetime NOT NULL, "updated_at" datetime NOT NULL)[0m
  [1m[35m (0.2ms)[0m  [1m[34mSELECT "schema_migrations"."version" FROM "schema_migrations" ORDER BY "schema_migrations"."version" ASC[0m
Migrating to CreatePosts (20180321030309)
  [1m[35m (0.1ms)[0m  [1m[36mbegin transaction[0m
  [1m[35m (0.6ms)[0m  [1m[35mCREATE TABLE "posts" ("id" INTEGER PRIMARY KEY AUTOINCREMENT NOT NULL, "caption" varchar, "created_at" datetime NOT NULL, "updated_at" datetime NOT NULL)[0m
  [1m[35mSQL (0.2ms)[0m  [1m[32mINSERT INTO "schema_migrations" ("version") VALUES (?)[0m  [["version", "20180321030309"]]
  [1m[35m (3.5ms)[0m  [1m[36mcommit transaction[0m
Migrating to CreateMembers (20180321032554)
  [1m[35m (0.1ms)[0m  [1m[36mbegin transaction[0m
  [1m[35m (0.5ms)[0m  [1m[35mCREATE TABLE "members" ("id" INTEGER PRIMARY KEY AUTOINCREMENT NOT NULL, "first_name" varchar, "last_name" varchar, "username" varchar, "email" varchar, "mobile_phone" varchar, "created_at" datetime NOT NULL, "updated_at" datetime NOT NULL)[0m
  [1m[35mSQL (0.2ms)[0m  [1m[32mINSERT INTO "schema_migrations" ("version") VALUES (?)[0m  [["version", "20180321032554"]]
  [1m[35m (4.3ms)[0m  [1m[36mcommit transaction[0m
  [1m[36mActiveRecord::InternalMetadata Load (0.1ms)[0m  [1m[34mSELECT  "ar_internal_metadata".* FROM "ar_internal_metadata" WHERE "ar_internal_metadata"."key" = ? LIMIT ?[0m  [["key", "environment"], ["LIMIT", 1]]
  [1m[35m (0.1ms)[0m  [1m[36mbegin transaction[0m
  [1m[35mSQL (1.3ms)[0m  [1m[32mINSERT INTO "ar_internal_metadata" ("key", "value", "created_at", "updated_at") VALUES (?, ?, ?, ?)[0m  [["key", "environment"], ["value", "development"], ["created_at", "2018-03-22 07:05:55.939728"], ["updated_at", "2018-03-22 07:05:55.939728"]]
  [1m[35m (3.2ms)[0m  [1m[36mcommit transaction[0m
  [1m[35m (0.2ms)[0m  [1m[34mSELECT "schema_migrations"."version" FROM "schema_migrations" ORDER BY "schema_migrations"."version" ASC[0m
  [1m[35m (0.2ms)[0m  [1m[34mSELECT "schema_migrations"."version" FROM "schema_migrations" ORDER BY "schema_migrations"."version" ASC[0m
  [1m[35m (0.1ms)[0m  [1m[36mbegin transaction[0m
  [1m[35mSQL (9.8ms)[0m  [1m[32mINSERT INTO "members" ("first_name", "last_name", "username", "email", "created_at", "updated_at") VALUES (?, ?, ?, ?, ?, ?)[0m  [["first_name", "Barbara"], ["last_name", "McKinney"], ["username", "barbaramckinney"], ["email", "barbara.mckinney@example.com"], ["created_at", "2018-03-22 07:06:02.789373"], ["updated_at", "2018-03-22 07:06:02.789373"]]
  [1m[35m (4.3ms)[0m  [1m[36mcommit transaction[0m
  [1m[35m (0.0ms)[0m  [1m[36mbegin transaction[0m
  [1m[35mSQL (0.3ms)[0m  [1m[32mINSERT INTO "members" ("first_name", "last_name", "username", "email", "created_at", "updated_at") VALUES (?, ?, ?, ?, ?, ?)[0m  [["first_name", "Lorraine"], ["last_name", "Bowman"], ["username", "lorrainebowman"], ["email", "lorraine.bowman@example.com"], ["created_at", "2018-03-22 07:06:02.805751"], ["updated_at", "2018-03-22 07:06:02.805751"]]
  [1m[35m (3.6ms)[0m  [1m[36mcommit transaction[0m
  [1m[35m (0.2ms)[0m  [1m[34mSELECT "schema_migrations"."version" FROM "schema_migrations" ORDER BY "schema_migrations"."version" ASC[0m
Migrating to AddMemberIdToPosts (20180322071312)
  [1m[35m (0.1ms)[0m  [1m[36mbegin transaction[0m
  [1m[35m (0.7ms)[0m  [1m[35mALTER TABLE "posts" ADD "member_id" integer[0m
  [1m[35mSQL (0.2ms)[0m  [1m[32mINSERT INTO "schema_migrations" ("version") VALUES (?)[0m  [["version", "20180322071312"]]
  [1m[35m (2.9ms)[0m  [1m[36mcommit transaction[0m
  [1m[36mActiveRecord::InternalMetadata Load (0.2ms)[0m  [1m[34mSELECT  "ar_internal_metadata".* FROM "ar_internal_metadata" WHERE "ar_internal_metadata"."key" = ? LIMIT ?[0m  [["key", "environment"], ["LIMIT", 1]]
  [1m[35m (0.1ms)[0m  [1m[36mbegin transaction[0m
  [1m[35m (0.0ms)[0m  [1m[36mcommit transaction[0m
  [1m[35m (0.2ms)[0m  [1m[34mSELECT "schema_migrations"."version" FROM "schema_migrations" ORDER BY "schema_migrations"."version" ASC[0m
  [1m[35m (0.2ms)[0m  [1m[34mSELECT "schema_migrations"."version" FROM "schema_migrations" ORDER BY "schema_migrations"."version" ASC[0m
  [1m[35m (0.2ms)[0m  [1m[34mSELECT "ar_internal_metadata"."value" FROM "ar_internal_metadata" WHERE "ar_internal_metadata"."key" = ?[0m  [["key", "environment"]]
  [1m[35m (0.1ms)[0m  [1m[34mSELECT "schema_migrations"."version" FROM "schema_migrations" ORDER BY "schema_migrations"."version" ASC[0m
  [1m[35m (0.1ms)[0m  [1m[34mSELECT "ar_internal_metadata"."value" FROM "ar_internal_metadata" WHERE "ar_internal_metadata"."key" = ?[0m  [["key", "environment"]]
  [1m[35m (0.1ms)[0m  [1m[34mSELECT "schema_migrations"."version" FROM "schema_migrations" ORDER BY "schema_migrations"."version" ASC[0m
  [1m[35m (0.1ms)[0m  [1m[34mSELECT "ar_internal_metadata"."value" FROM "ar_internal_metadata" WHERE "ar_internal_metadata"."key" = ?[0m  [["key", "environment"]]
  [1m[35m (0.1ms)[0m  [1m[34mSELECT sqlite_version(*)[0m
  [1m[35m (2.9ms)[0m  [1m[35mCREATE TABLE "schema_migrations" ("version" varchar NOT NULL PRIMARY KEY)[0m
  [1m[35m (3.3ms)[0m  [1m[35mCREATE TABLE "ar_internal_metadata" ("key" varchar NOT NULL PRIMARY KEY, "value" varchar, "created_at" datetime NOT NULL, "updated_at" datetime NOT NULL)[0m
  [1m[35m (0.4ms)[0m  [1m[34mSELECT "schema_migrations"."version" FROM "schema_migrations" ORDER BY "schema_migrations"."version" ASC[0m
Migrating to CreatePosts (20180321030309)
  [1m[35m (0.1ms)[0m  [1m[36mbegin transaction[0m
  [1m[35m (0.7ms)[0m  [1m[35mCREATE TABLE "posts" ("id" INTEGER PRIMARY KEY AUTOINCREMENT NOT NULL, "caption" varchar, "created_at" datetime NOT NULL, "updated_at" datetime NOT NULL)[0m
  [1m[35mSQL (0.2ms)[0m  [1m[32mINSERT INTO "schema_migrations" ("version") VALUES (?)[0m  [["version", "20180321030309"]]
  [1m[35m (3.6ms)[0m  [1m[36mcommit transaction[0m
Migrating to CreateMembers (20180321032554)
  [1m[35m (0.1ms)[0m  [1m[36mbegin transaction[0m
  [1m[35m (0.5ms)[0m  [1m[35mCREATE TABLE "members" ("id" INTEGER PRIMARY KEY AUTOINCREMENT NOT NULL, "first_name" varchar, "last_name" varchar, "username" varchar, "email" varchar, "mobile_phone" varchar, "created_at" datetime NOT NULL, "updated_at" datetime NOT NULL)[0m
  [1m[35mSQL (0.2ms)[0m  [1m[32mINSERT INTO "schema_migrations" ("version") VALUES (?)[0m  [["version", "20180321032554"]]
  [1m[35m (3.5ms)[0m  [1m[36mcommit transaction[0m
Migrating to AddMemberIdToPosts (20180322071312)
  [1m[35m (0.0ms)[0m  [1m[36mbegin transaction[0m
  [1m[35m (0.5ms)[0m  [1m[35mALTER TABLE "posts" ADD "member_id" integer[0m
  [1m[35mSQL (0.2ms)[0m  [1m[32mINSERT INTO "schema_migrations" ("version") VALUES (?)[0m  [["version", "20180322071312"]]
  [1m[35m (3.0ms)[0m  [1m[36mcommit transaction[0m
  [1m[36mActiveRecord::InternalMetadata Load (0.1ms)[0m  [1m[34mSELECT  "ar_internal_metadata".* FROM "ar_internal_metadata" WHERE "ar_internal_metadata"."key" = ? LIMIT ?[0m  [["key", "environment"], ["LIMIT", 1]]
  [1m[35m (0.1ms)[0m  [1m[36mbegin transaction[0m
  [1m[35mSQL (0.5ms)[0m  [1m[32mINSERT INTO "ar_internal_metadata" ("key", "value", "created_at", "updated_at") VALUES (?, ?, ?, ?)[0m  [["key", "environment"], ["value", "development"], ["created_at", "2018-03-22 07:19:15.286807"], ["updated_at", "2018-03-22 07:19:15.286807"]]
  [1m[35m (3.2ms)[0m  [1m[36mcommit transaction[0m
  [1m[35m (0.2ms)[0m  [1m[34mSELECT "schema_migrations"."version" FROM "schema_migrations" ORDER BY "schema_migrations"."version" ASC[0m
  [1m[35m (0.3ms)[0m  [1m[34mSELECT "schema_migrations"."version" FROM "schema_migrations" ORDER BY "schema_migrations"."version" ASC[0m
  [1m[35m (0.1ms)[0m  [1m[36mbegin transaction[0m
  [1m[35mSQL (0.8ms)[0m  [1m[32mINSERT INTO "members" ("first_name", "last_name", "username", "email", "created_at", "updated_at") VALUES (?, ?, ?, ?, ?, ?)[0m  [["first_name", "Barbara"], ["last_name", "McKinney"], ["username", "barbaramckinney"], ["email", "barbara.mckinney@example.com"], ["created_at", "2018-03-22 07:19:18.389862"], ["updated_at", "2018-03-22 07:19:18.389862"]]
  [1m[35m (4.1ms)[0m  [1m[36mcommit transaction[0m
  [1m[35m (0.1ms)[0m  [1m[36mbegin transaction[0m
  [1m[35mSQL (0.4ms)[0m  [1m[32mINSERT INTO "members" ("first_name", "last_name", "username", "email", "created_at", "updated_at") VALUES (?, ?, ?, ?, ?, ?)[0m  [["first_name", "Lorraine"], ["last_name", "Bowman"], ["username", "lorrainebowman"], ["email", "lorraine.bowman@example.com"], ["created_at", "2018-03-22 07:19:18.396947"], ["updated_at", "2018-03-22 07:19:18.396947"]]
  [1m[35m (3.7ms)[0m  [1m[36mcommit transaction[0m
  [1m[35m (0.9ms)[0m  [1m[34mSELECT "schema_migrations"."version" FROM "schema_migrations" ORDER BY "schema_migrations"."version" ASC[0m
  [1m[35m (1.3ms)[0m  [1m[34mSELECT "ar_internal_metadata"."value" FROM "ar_internal_metadata" WHERE "ar_internal_metadata"."key" = ?[0m  [["key", "environment"]]
  [1m[35m (0.1ms)[0m  [1m[34mSELECT "schema_migrations"."version" FROM "schema_migrations" ORDER BY "schema_migrations"."version" ASC[0m
  [1m[35m (0.1ms)[0m  [1m[34mSELECT "ar_internal_metadata"."value" FROM "ar_internal_metadata" WHERE "ar_internal_metadata"."key" = ?[0m  [["key", "environment"]]
  [1m[35m (0.1ms)[0m  [1m[34mSELECT "schema_migrations"."version" FROM "schema_migrations" ORDER BY "schema_migrations"."version" ASC[0m
  [1m[35m (0.1ms)[0m  [1m[34mSELECT "ar_internal_metadata"."value" FROM "ar_internal_metadata" WHERE "ar_internal_metadata"."key" = ?[0m  [["key", "environment"]]
  [1m[35m (0.1ms)[0m  [1m[34mSELECT sqlite_version(*)[0m
  [1m[35m (3.3ms)[0m  [1m[35mCREATE TABLE "schema_migrations" ("version" varchar NOT NULL PRIMARY KEY)[0m
  [1m[35m (2.9ms)[0m  [1m[35mCREATE TABLE "ar_internal_metadata" ("key" varchar NOT NULL PRIMARY KEY, "value" varchar, "created_at" datetime NOT NULL, "updated_at" datetime NOT NULL)[0m
  [1m[35m (0.2ms)[0m  [1m[34mSELECT "schema_migrations"."version" FROM "schema_migrations" ORDER BY "schema_migrations"."version" ASC[0m
Migrating to CreatePosts (20180321030309)
  [1m[35m (0.1ms)[0m  [1m[36mbegin transaction[0m
  [1m[35m (0.6ms)[0m  [1m[35mCREATE TABLE "posts" ("id" INTEGER PRIMARY KEY AUTOINCREMENT NOT NULL, "caption" varchar, "created_at" datetime NOT NULL, "updated_at" datetime NOT NULL)[0m
  [1m[35mSQL (0.2ms)[0m  [1m[32mINSERT INTO "schema_migrations" ("version") VALUES (?)[0m  [["version", "20180321030309"]]
  [1m[35m (3.6ms)[0m  [1m[36mcommit transaction[0m
Migrating to CreateMembers (20180321032554)
  [1m[35m (0.1ms)[0m  [1m[36mbegin transaction[0m
  [1m[35m (0.5ms)[0m  [1m[35mCREATE TABLE "members" ("id" INTEGER PRIMARY KEY AUTOINCREMENT NOT NULL, "first_name" varchar, "last_name" varchar, "username" varchar, "email" varchar, "mobile_phone" varchar, "created_at" datetime NOT NULL, "updated_at" datetime NOT NULL)[0m
  [1m[35mSQL (0.2ms)[0m  [1m[32mINSERT INTO "schema_migrations" ("version") VALUES (?)[0m  [["version", "20180321032554"]]
  [1m[35m (4.3ms)[0m  [1m[36mcommit transaction[0m
Migrating to AddMemberIdToPosts (20180322071312)
  [1m[35m (0.1ms)[0m  [1m[36mbegin transaction[0m
  [1m[35m (0.6ms)[0m  [1m[35mALTER TABLE "posts" ADD "member_id" integer[0m
  [1m[35mSQL (0.2ms)[0m  [1m[32mINSERT INTO "schema_migrations" ("version") VALUES (?)[0m  [["version", "20180322071312"]]
  [1m[35m (2.6ms)[0m  [1m[36mcommit transaction[0m
  [1m[36mActiveRecord::InternalMetadata Load (0.1ms)[0m  [1m[34mSELECT  "ar_internal_metadata".* FROM "ar_internal_metadata" WHERE "ar_internal_metadata"."key" = ? LIMIT ?[0m  [["key", "environment"], ["LIMIT", 1]]
  [1m[35m (0.1ms)[0m  [1m[36mbegin transaction[0m
  [1m[35mSQL (0.4ms)[0m  [1m[32mINSERT INTO "ar_internal_metadata" ("key", "value", "created_at", "updated_at") VALUES (?, ?, ?, ?)[0m  [["key", "environment"], ["value", "development"], ["created_at", "2018-03-22 07:20:57.114268"], ["updated_at", "2018-03-22 07:20:57.114268"]]
  [1m[35m (3.3ms)[0m  [1m[36mcommit transaction[0m
  [1m[35m (0.2ms)[0m  [1m[34mSELECT "schema_migrations"."version" FROM "schema_migrations" ORDER BY "schema_migrations"."version" ASC[0m
  [1m[35m (0.2ms)[0m  [1m[34mSELECT "schema_migrations"."version" FROM "schema_migrations" ORDER BY "schema_migrations"."version" ASC[0m
  [1m[35m (0.1ms)[0m  [1m[36mbegin transaction[0m
  [1m[35mSQL (0.6ms)[0m  [1m[32mINSERT INTO "members" ("first_name", "last_name", "username", "email", "created_at", "updated_at") VALUES (?, ?, ?, ?, ?, ?)[0m  [["first_name", "Barbara"], ["last_name", "McKinney"], ["username", "barbaramckinney"], ["email", "barbara.mckinney@example.com"], ["created_at", "2018-03-22 07:21:00.500577"], ["updated_at", "2018-03-22 07:21:00.500577"]]
  [1m[35m (4.5ms)[0m  [1m[36mcommit transaction[0m
  [1m[35m (0.2ms)[0m  [1m[36mbegin transaction[0m
  [1m[35mSQL (0.6ms)[0m  [1m[32mINSERT INTO "members" ("first_name", "last_name", "username", "email", "created_at", "updated_at") VALUES (?, ?, ?, ?, ?, ?)[0m  [["first_name", "Lorraine"], ["last_name", "Bowman"], ["username", "lorrainebowman"], ["email", "lorraine.bowman@example.com"], ["created_at", "2018-03-22 07:21:00.509147"], ["updated_at", "2018-03-22 07:21:00.509147"]]
  [1m[35m (3.7ms)[0m  [1m[36mcommit transaction[0m
  [1m[35m (1.2ms)[0m  [1m[34mSELECT "schema_migrations"."version" FROM "schema_migrations" ORDER BY "schema_migrations"."version" ASC[0m
  [1m[35m (31.1ms)[0m  [1m[34mSELECT "ar_internal_metadata"."value" FROM "ar_internal_metadata" WHERE "ar_internal_metadata"."key" = ?[0m  [["key", "environment"]]
  [1m[35m (0.1ms)[0m  [1m[34mSELECT "schema_migrations"."version" FROM "schema_migrations" ORDER BY "schema_migrations"."version" ASC[0m
  [1m[35m (0.1ms)[0m  [1m[34mSELECT "ar_internal_metadata"."value" FROM "ar_internal_metadata" WHERE "ar_internal_metadata"."key" = ?[0m  [["key", "environment"]]
  [1m[35m (0.1ms)[0m  [1m[34mSELECT "schema_migrations"."version" FROM "schema_migrations" ORDER BY "schema_migrations"."version" ASC[0m
  [1m[35m (0.1ms)[0m  [1m[34mSELECT "ar_internal_metadata"."value" FROM "ar_internal_metadata" WHERE "ar_internal_metadata"."key" = ?[0m  [["key", "environment"]]
  [1m[35m (0.1ms)[0m  [1m[34mSELECT sqlite_version(*)[0m
  [1m[35m (2.8ms)[0m  [1m[35mCREATE TABLE "schema_migrations" ("version" varchar NOT NULL PRIMARY KEY)[0m
  [1m[35m (3.1ms)[0m  [1m[35mCREATE TABLE "ar_internal_metadata" ("key" varchar NOT NULL PRIMARY KEY, "value" varchar, "created_at" datetime NOT NULL, "updated_at" datetime NOT NULL)[0m
  [1m[35m (0.2ms)[0m  [1m[34mSELECT "schema_migrations"."version" FROM "schema_migrations" ORDER BY "schema_migrations"."version" ASC[0m
Migrating to CreatePosts (20180321030309)
  [1m[35m (0.1ms)[0m  [1m[36mbegin transaction[0m
  [1m[35m (0.6ms)[0m  [1m[35mCREATE TABLE "posts" ("id" INTEGER PRIMARY KEY AUTOINCREMENT NOT NULL, "caption" varchar, "created_at" datetime NOT NULL, "updated_at" datetime NOT NULL)[0m
  [1m[35mSQL (0.2ms)[0m  [1m[32mINSERT INTO "schema_migrations" ("version") VALUES (?)[0m  [["version", "20180321030309"]]
  [1m[35m (3.5ms)[0m  [1m[36mcommit transaction[0m
Migrating to CreateMembers (20180321032554)
  [1m[35m (0.1ms)[0m  [1m[36mbegin transaction[0m
  [1m[35m (0.5ms)[0m  [1m[35mCREATE TABLE "members" ("id" INTEGER PRIMARY KEY AUTOINCREMENT NOT NULL, "first_name" varchar, "last_name" varchar, "username" varchar, "email" varchar, "mobile_phone" varchar, "created_at" datetime NOT NULL, "updated_at" datetime NOT NULL)[0m
  [1m[35mSQL (0.2ms)[0m  [1m[32mINSERT INTO "schema_migrations" ("version") VALUES (?)[0m  [["version", "20180321032554"]]
  [1m[35m (3.6ms)[0m  [1m[36mcommit transaction[0m
Migrating to AddMemberIdToPosts (20180322071312)
  [1m[35m (0.1ms)[0m  [1m[36mbegin transaction[0m
  [1m[35m (0.8ms)[0m  [1m[35mALTER TABLE "posts" ADD "member_id" integer[0m
  [1m[35mSQL (0.2ms)[0m  [1m[32mINSERT INTO "schema_migrations" ("version") VALUES (?)[0m  [["version", "20180322071312"]]
  [1m[35m (2.9ms)[0m  [1m[36mcommit transaction[0m
  [1m[36mActiveRecord::InternalMetadata Load (0.1ms)[0m  [1m[34mSELECT  "ar_internal_metadata".* FROM "ar_internal_metadata" WHERE "ar_internal_metadata"."key" = ? LIMIT ?[0m  [["key", "environment"], ["LIMIT", 1]]
  [1m[35m (0.1ms)[0m  [1m[36mbegin transaction[0m
  [1m[35mSQL (0.4ms)[0m  [1m[32mINSERT INTO "ar_internal_metadata" ("key", "value", "created_at", "updated_at") VALUES (?, ?, ?, ?)[0m  [["key", "environment"], ["value", "development"], ["created_at", "2018-03-22 07:22:45.426891"], ["updated_at", "2018-03-22 07:22:45.426891"]]
  [1m[35m (3.5ms)[0m  [1m[36mcommit transaction[0m
  [1m[35m (0.2ms)[0m  [1m[34mSELECT "schema_migrations"."version" FROM "schema_migrations" ORDER BY "schema_migrations"."version" ASC[0m
  [1m[35m (0.2ms)[0m  [1m[34mSELECT "schema_migrations"."version" FROM "schema_migrations" ORDER BY "schema_migrations"."version" ASC[0m
  [1m[35m (0.1ms)[0m  [1m[36mbegin transaction[0m
  [1m[35mSQL (0.6ms)[0m  [1m[32mINSERT INTO "members" ("first_name", "last_name", "username", "email", "created_at", "updated_at") VALUES (?, ?, ?, ?, ?, ?)[0m  [["first_name", "Barbara"], ["last_name", "McKinney"], ["username", "barbaramckinney"], ["email", "barbara.mckinney@example.com"], ["created_at", "2018-03-22 07:22:53.448564"], ["updated_at", "2018-03-22 07:22:53.448564"]]
  [1m[35m (3.8ms)[0m  [1m[36mcommit transaction[0m
  [1m[35m (0.0ms)[0m  [1m[36mbegin transaction[0m
  [1m[35mSQL (0.3ms)[0m  [1m[32mINSERT INTO "members" ("first_name", "last_name", "username", "email", "created_at", "updated_at") VALUES (?, ?, ?, ?, ?, ?)[0m  [["first_name", "Lorraine"], ["last_name", "Bowman"], ["username", "lorrainebowman"], ["email", "lorraine.bowman@example.com"], ["created_at", "2018-03-22 07:22:53.455107"], ["updated_at", "2018-03-22 07:22:53.455107"]]
  [1m[35m (3.7ms)[0m  [1m[36mcommit transaction[0m
  [1m[36mMember Load (0.5ms)[0m  [1m[34mSELECT  "members".* FROM "members" ORDER BY "members"."id" ASC LIMIT ?[0m  [["LIMIT", 1]]
  [1m[35m (0.1ms)[0m  [1m[36mbegin transaction[0m
  [1m[35mSQL (0.5ms)[0m  [1m[32mINSERT INTO "posts" ("caption", "created_at", "updated_at", "member_id") VALUES (?, ?, ?, ?)[0m  [["caption", "Lorem"], ["created_at", "2018-03-22 07:22:53.515620"], ["updated_at", "2018-03-22 07:22:53.515620"], ["member_id", 1]]
  [1m[35m (4.7ms)[0m  [1m[36mcommit transaction[0m
  [1m[35m (0.0ms)[0m  [1m[36mbegin transaction[0m
  [1m[35mSQL (0.3ms)[0m  [1m[32mINSERT INTO "posts" ("caption", "created_at", "updated_at", "member_id") VALUES (?, ?, ?, ?)[0m  [["caption", "Ipsum"], ["created_at", "2018-03-22 07:22:53.522564"], ["updated_at", "2018-03-22 07:22:53.522564"], ["member_id", 1]]
  [1m[35m (3.5ms)[0m  [1m[36mcommit transaction[0m
  [1m[35m (0.1ms)[0m  [1m[36mbegin transaction[0m
  [1m[35mSQL (0.4ms)[0m  [1m[32mINSERT INTO "posts" ("caption", "created_at", "updated_at", "member_id") VALUES (?, ?, ?, ?)[0m  [["caption", "Dimsum"], ["created_at", "2018-03-22 07:22:53.527792"], ["updated_at", "2018-03-22 07:22:53.527792"], ["member_id", 1]]
  [1m[35m (18.1ms)[0m  [1m[36mcommit transaction[0m
  [1m[35m (0.1ms)[0m  [1m[36mbegin transaction[0m
  [1m[35mSQL (0.6ms)[0m  [1m[32mINSERT INTO "posts" ("caption", "created_at", "updated_at", "member_id") VALUES (?, ?, ?, ?)[0m  [["caption", "Lipsum"], ["created_at", "2018-03-22 07:22:53.548074"], ["updated_at", "2018-03-22 07:22:53.548074"], ["member_id", 1]]
  [1m[35m (3.5ms)[0m  [1m[36mcommit transaction[0m
  [1m[35m (1.1ms)[0m  [1m[34mSELECT "schema_migrations"."version" FROM "schema_migrations" ORDER BY "schema_migrations"."version" ASC[0m
  [1m[35m (1.6ms)[0m  [1m[34mSELECT "ar_internal_metadata"."value" FROM "ar_internal_metadata" WHERE "ar_internal_metadata"."key" = ?[0m  [["key", "environment"]]
  [1m[35m (0.1ms)[0m  [1m[34mSELECT "schema_migrations"."version" FROM "schema_migrations" ORDER BY "schema_migrations"."version" ASC[0m
  [1m[35m (0.1ms)[0m  [1m[34mSELECT "ar_internal_metadata"."value" FROM "ar_internal_metadata" WHERE "ar_internal_metadata"."key" = ?[0m  [["key", "environment"]]
  [1m[35m (0.1ms)[0m  [1m[34mSELECT "schema_migrations"."version" FROM "schema_migrations" ORDER BY "schema_migrations"."version" ASC[0m
  [1m[35m (0.1ms)[0m  [1m[34mSELECT "ar_internal_metadata"."value" FROM "ar_internal_metadata" WHERE "ar_internal_metadata"."key" = ?[0m  [["key", "environment"]]
  [1m[35m (0.1ms)[0m  [1m[34mSELECT sqlite_version(*)[0m
  [1m[35m (2.9ms)[0m  [1m[35mCREATE TABLE "schema_migrations" ("version" varchar NOT NULL PRIMARY KEY)[0m
  [1m[35m (3.3ms)[0m  [1m[35mCREATE TABLE "ar_internal_metadata" ("key" varchar NOT NULL PRIMARY KEY, "value" varchar, "created_at" datetime NOT NULL, "updated_at" datetime NOT NULL)[0m
  [1m[35m (0.2ms)[0m  [1m[34mSELECT "schema_migrations"."version" FROM "schema_migrations" ORDER BY "schema_migrations"."version" ASC[0m
  [1m[35m (0.2ms)[0m  [1m[34mSELECT "schema_migrations"."version" FROM "schema_migrations" ORDER BY "schema_migrations"."version" ASC[0m
Migrating to CreatePosts (20180321030309)
  [1m[35m (0.1ms)[0m  [1m[36mbegin transaction[0m
  [1m[35m (0.1ms)[0m  [1m[34mSELECT sqlite_version(*)[0m
  [1m[35m (0.6ms)[0m  [1m[35mCREATE TABLE "posts" ("id" INTEGER PRIMARY KEY AUTOINCREMENT NOT NULL, "caption" varchar, "created_at" datetime NOT NULL, "updated_at" datetime NOT NULL)[0m
  [1m[35mSQL (0.2ms)[0m  [1m[32mINSERT INTO "schema_migrations" ("version") VALUES (?)[0m  [["version", "20180321030309"]]
  [1m[35m (3.8ms)[0m  [1m[36mcommit transaction[0m
Migrating to CreateMembers (20180321032554)
  [1m[35m (0.1ms)[0m  [1m[36mbegin transaction[0m
  [1m[35m (0.7ms)[0m  [1m[35mCREATE TABLE "members" ("id" INTEGER PRIMARY KEY AUTOINCREMENT NOT NULL, "first_name" varchar, "last_name" varchar, "username" varchar, "email" varchar, "mobile_phone" varchar, "created_at" datetime NOT NULL, "updated_at" datetime NOT NULL)[0m
  [1m[35mSQL (0.2ms)[0m  [1m[32mINSERT INTO "schema_migrations" ("version") VALUES (?)[0m  [["version", "20180321032554"]]
  [1m[35m (3.8ms)[0m  [1m[36mcommit transaction[0m
Migrating to AddMemberIdToPosts (20180322071312)
  [1m[35m (0.1ms)[0m  [1m[36mbegin transaction[0m
  [1m[35m (0.7ms)[0m  [1m[35mALTER TABLE "posts" ADD "member_id" integer[0m
  [1m[35mSQL (0.2ms)[0m  [1m[32mINSERT INTO "schema_migrations" ("version") VALUES (?)[0m  [["version", "20180322071312"]]
  [1m[35m (2.8ms)[0m  [1m[36mcommit transaction[0m
  [1m[36mActiveRecord::InternalMetadata Load (0.2ms)[0m  [1m[34mSELECT  "ar_internal_metadata".* FROM "ar_internal_metadata" WHERE "ar_internal_metadata"."key" = ? LIMIT ?[0m  [["key", "environment"], ["LIMIT", 1]]
  [1m[35m (0.1ms)[0m  [1m[36mbegin transaction[0m
  [1m[35mSQL (0.5ms)[0m  [1m[32mINSERT INTO "ar_internal_metadata" ("key", "value", "created_at", "updated_at") VALUES (?, ?, ?, ?)[0m  [["key", "environment"], ["value", "development"], ["created_at", "2018-03-22 07:23:55.119082"], ["updated_at", "2018-03-22 07:23:55.119082"]]
  [1m[35m (4.7ms)[0m  [1m[36mcommit transaction[0m
  [1m[35m (0.2ms)[0m  [1m[34mSELECT "schema_migrations"."version" FROM "schema_migrations" ORDER BY "schema_migrations"."version" ASC[0m
  [1m[35m (0.9ms)[0m  [1m[34mSELECT "schema_migrations"."version" FROM "schema_migrations" ORDER BY "schema_migrations"."version" ASC[0m
  [1m[35m (1.2ms)[0m  [1m[34mSELECT "ar_internal_metadata"."value" FROM "ar_internal_metadata" WHERE "ar_internal_metadata"."key" = ?[0m  [["key", "environment"]]
  [1m[35m (0.1ms)[0m  [1m[34mSELECT "schema_migrations"."version" FROM "schema_migrations" ORDER BY "schema_migrations"."version" ASC[0m
  [1m[35m (0.1ms)[0m  [1m[34mSELECT "ar_internal_metadata"."value" FROM "ar_internal_metadata" WHERE "ar_internal_metadata"."key" = ?[0m  [["key", "environment"]]
  [1m[35m (0.1ms)[0m  [1m[34mSELECT "schema_migrations"."version" FROM "schema_migrations" ORDER BY "schema_migrations"."version" ASC[0m
  [1m[35m (0.2ms)[0m  [1m[34mSELECT "ar_internal_metadata"."value" FROM "ar_internal_metadata" WHERE "ar_internal_metadata"."key" = ?[0m  [["key", "environment"]]
  [1m[35m (0.1ms)[0m  [1m[34mSELECT sqlite_version(*)[0m
  [1m[35m (3.5ms)[0m  [1m[35mCREATE TABLE "schema_migrations" ("version" varchar NOT NULL PRIMARY KEY)[0m
  [1m[35m (3.4ms)[0m  [1m[35mCREATE TABLE "ar_internal_metadata" ("key" varchar NOT NULL PRIMARY KEY, "value" varchar, "created_at" datetime NOT NULL, "updated_at" datetime NOT NULL)[0m
  [1m[35m (0.2ms)[0m  [1m[34mSELECT "schema_migrations"."version" FROM "schema_migrations" ORDER BY "schema_migrations"."version" ASC[0m
Migrating to CreatePosts (20180321030309)
  [1m[35m (0.1ms)[0m  [1m[36mbegin transaction[0m
  [1m[35m (0.5ms)[0m  [1m[35mCREATE TABLE "posts" ("id" INTEGER PRIMARY KEY AUTOINCREMENT NOT NULL, "caption" varchar, "created_at" datetime NOT NULL, "updated_at" datetime NOT NULL)[0m
  [1m[35mSQL (0.3ms)[0m  [1m[32mINSERT INTO "schema_migrations" ("version") VALUES (?)[0m  [["version", "20180321030309"]]
  [1m[35m (3.4ms)[0m  [1m[36mcommit transaction[0m
Migrating to CreateMembers (20180321032554)
  [1m[35m (0.1ms)[0m  [1m[36mbegin transaction[0m
  [1m[35m (0.5ms)[0m  [1m[35mCREATE TABLE "members" ("id" INTEGER PRIMARY KEY AUTOINCREMENT NOT NULL, "first_name" varchar, "last_name" varchar, "username" varchar, "email" varchar, "mobile_phone" varchar, "created_at" datetime NOT NULL, "updated_at" datetime NOT NULL)[0m
  [1m[35mSQL (0.2ms)[0m  [1m[32mINSERT INTO "schema_migrations" ("version") VALUES (?)[0m  [["version", "20180321032554"]]
  [1m[35m (3.9ms)[0m  [1m[36mcommit transaction[0m
Migrating to AddMemberIdToPosts (20180322071312)
  [1m[35m (0.1ms)[0m  [1m[36mbegin transaction[0m
  [1m[35m (0.5ms)[0m  [1m[35mALTER TABLE "posts" ADD "member_id" integer[0m
  [1m[35mSQL (0.2ms)[0m  [1m[32mINSERT INTO "schema_migrations" ("version") VALUES (?)[0m  [["version", "20180322071312"]]
  [1m[35m (3.3ms)[0m  [1m[36mcommit transaction[0m
  [1m[36mActiveRecord::InternalMetadata Load (0.2ms)[0m  [1m[34mSELECT  "ar_internal_metadata".* FROM "ar_internal_metadata" WHERE "ar_internal_metadata"."key" = ? LIMIT ?[0m  [["key", "environment"], ["LIMIT", 1]]
  [1m[35m (0.1ms)[0m  [1m[36mbegin transaction[0m
  [1m[35mSQL (0.4ms)[0m  [1m[32mINSERT INTO "ar_internal_metadata" ("key", "value", "created_at", "updated_at") VALUES (?, ?, ?, ?)[0m  [["key", "environment"], ["value", "development"], ["created_at", "2018-03-22 07:25:22.435367"], ["updated_at", "2018-03-22 07:25:22.435367"]]
  [1m[35m (3.6ms)[0m  [1m[36mcommit transaction[0m
  [1m[35m (4.5ms)[0m  [1m[34mSELECT "schema_migrations"."version" FROM "schema_migrations" ORDER BY "schema_migrations"."version" ASC[0m
  [1m[35m (0.2ms)[0m  [1m[34mSELECT "schema_migrations"."version" FROM "schema_migrations" ORDER BY "schema_migrations"."version" ASC[0m
  [1m[35m (0.1ms)[0m  [1m[36mbegin transaction[0m
  [1m[35mSQL (0.5ms)[0m  [1m[32mINSERT INTO "members" ("first_name", "last_name", "username", "email", "created_at", "updated_at") VALUES (?, ?, ?, ?, ?, ?)[0m  [["first_name", "Barbara"], ["last_name", "McKinney"], ["username", "barbaramckinney"], ["email", "barbara.mckinney@example.com"], ["created_at", "2018-03-22 07:25:29.111736"], ["updated_at", "2018-03-22 07:25:29.111736"]]
  [1m[35m (3.4ms)[0m  [1m[36mcommit transaction[0m
  [1m[35m (0.0ms)[0m  [1m[36mbegin transaction[0m
  [1m[35mSQL (0.3ms)[0m  [1m[32mINSERT INTO "members" ("first_name", "last_name", "username", "email", "created_at", "updated_at") VALUES (?, ?, ?, ?, ?, ?)[0m  [["first_name", "Lorraine"], ["last_name", "Bowman"], ["username", "lorrainebowman"], ["email", "lorraine.bowman@example.com"], ["created_at", "2018-03-22 07:25:29.117755"], ["updated_at", "2018-03-22 07:25:29.117755"]]
  [1m[35m (3.3ms)[0m  [1m[36mcommit transaction[0m
  [1m[36mMember Load (0.2ms)[0m  [1m[34mSELECT  "members".* FROM "members" ORDER BY "members"."id" ASC LIMIT ?[0m  [["LIMIT", 1]]
  [1m[35m (0.1ms)[0m  [1m[36mbegin transaction[0m
  [1m[35mSQL (0.5ms)[0m  [1m[32mINSERT INTO "posts" ("caption", "created_at", "updated_at", "member_id") VALUES (?, ?, ?, ?)[0m  [["caption", "Lorem"], ["created_at", "2018-03-22 07:25:29.165667"], ["updated_at", "2018-03-22 07:25:29.165667"], ["member_id", 1]]
  [1m[35m (3.5ms)[0m  [1m[36mcommit transaction[0m
  [1m[35m (0.1ms)[0m  [1m[36mbegin transaction[0m
  [1m[35mSQL (0.4ms)[0m  [1m[32mINSERT INTO "posts" ("caption", "created_at", "updated_at", "member_id") VALUES (?, ?, ?, ?)[0m  [["caption", "Ipsum"], ["created_at", "2018-03-22 07:25:29.171826"], ["updated_at", "2018-03-22 07:25:29.171826"], ["member_id", 1]]
  [1m[35m (3.2ms)[0m  [1m[36mcommit transaction[0m
  [1m[35m (0.1ms)[0m  [1m[36mbegin transaction[0m
  [1m[35mSQL (0.4ms)[0m  [1m[32mINSERT INTO "posts" ("caption", "created_at", "updated_at", "member_id") VALUES (?, ?, ?, ?)[0m  [["caption", "Dimsum"], ["created_at", "2018-03-22 07:25:29.176966"], ["updated_at", "2018-03-22 07:25:29.176966"], ["member_id", 1]]
  [1m[35m (3.1ms)[0m  [1m[36mcommit transaction[0m
  [1m[35m (0.0ms)[0m  [1m[36mbegin transaction[0m
  [1m[35mSQL (0.3ms)[0m  [1m[32mINSERT INTO "posts" ("caption", "created_at", "updated_at", "member_id") VALUES (?, ?, ?, ?)[0m  [["caption", "Lipsum"], ["created_at", "2018-03-22 07:25:29.181948"], ["updated_at", "2018-03-22 07:25:29.181948"], ["member_id", 1]]
  [1m[35m (2.8ms)[0m  [1m[36mcommit transaction[0m
  [1m[36mMember Exists (10.6ms)[0m  [1m[34mSELECT  1 AS one FROM "members" LIMIT ?[0m  [["LIMIT", 1]]
  [1m[36mMember Load (0.4ms)[0m  [1m[34mSELECT "members".* FROM "members"[0m
  [1m[36mMember Load (22.7ms)[0m  [1m[34mSELECT  "members".* FROM "members" LIMIT ?[0m  [["LIMIT", 11]]
  [1m[36mMember Exists (0.3ms)[0m  [1m[34mSELECT  1 AS one FROM "members" LIMIT ?[0m  [["LIMIT", 1]]
  [1m[36mMember Load (0.2ms)[0m  [1m[34mSELECT "members".* FROM "members"[0m
  [1m[36mMember Load (4.4ms)[0m  [1m[34mSELECT  "members".* FROM "members" WHERE "members"."id" = ? LIMIT ?[0m  [["id", 1], ["LIMIT", 1]]
  [1m[36mMember Load (0.5ms)[0m  [1m[34mSELECT  "members".* FROM "members" ORDER BY "members"."id" ASC LIMIT ?[0m  [["LIMIT", 1]]
  [1m[36mMember Load (0.8ms)[0m  [1m[34mSELECT  "members".* FROM "members" ORDER BY "members"."id" ASC LIMIT ? OFFSET ?[0m  [["LIMIT", 1], ["OFFSET", 1]]
  [1m[36mMember Load (0.4ms)[0m  [1m[34mSELECT  "members".* FROM "members" ORDER BY "members"."id" ASC LIMIT ?[0m  [["LIMIT", 1]]
  [1m[36mPost Load (11.9ms)[0m  [1m[34mSELECT  "posts".* FROM "posts" WHERE "posts"."member_id" = ? LIMIT ?[0m  [["member_id", 1], ["LIMIT", 11]]
  [1m[36mPost Exists (0.4ms)[0m  [1m[34mSELECT  1 AS one FROM "posts" WHERE "posts"."member_id" = ? LIMIT ?[0m  [["member_id", 1], ["LIMIT", 1]]
  [1m[36mPost Load (0.3ms)[0m  [1m[34mSELECT "posts".* FROM "posts" WHERE "posts"."member_id" = ?[0m  [["member_id", 1]]
  [1m[36mMember Load (0.7ms)[0m  [1m[34mSELECT  "members".* FROM "members" ORDER BY "members"."id" DESC LIMIT ?[0m  [["LIMIT", 1]]
  [1m[35m (0.9ms)[0m  [1m[34mSELECT "schema_migrations"."version" FROM "schema_migrations" ORDER BY "schema_migrations"."version" ASC[0m
Migrating to AddPrivateToPosts (20180322074050)
  [1m[35m (0.1ms)[0m  [1m[36mbegin transaction[0m
  [1m[35m (0.6ms)[0m  [1m[35mALTER TABLE "posts" ADD "private" boolean DEFAULT 'f'[0m
  [1m[35mSQL (1.5ms)[0m  [1m[32mINSERT INTO "schema_migrations" ("version") VALUES (?)[0m  [["version", "20180322074050"]]
  [1m[35m (3.3ms)[0m  [1m[36mcommit transaction[0m
  [1m[36mActiveRecord::InternalMetadata Load (1.6ms)[0m  [1m[34mSELECT  "ar_internal_metadata".* FROM "ar_internal_metadata" WHERE "ar_internal_metadata"."key" = ? LIMIT ?[0m  [["key", "environment"], ["LIMIT", 1]]
  [1m[35m (0.9ms)[0m  [1m[36mbegin transaction[0m
  [1m[35m (0.1ms)[0m  [1m[36mcommit transaction[0m
  [1m[35m (0.2ms)[0m  [1m[34mSELECT "schema_migrations"."version" FROM "schema_migrations" ORDER BY "schema_migrations"."version" ASC[0m
  [1m[36mMember Exists (0.4ms)[0m  [1m[34mSELECT  1 AS one FROM "members" LIMIT ?[0m  [["LIMIT", 1]]
  [1m[36mMember Load (0.4ms)[0m  [1m[34mSELECT "members".* FROM "members"[0m
  [1m[36mPost Exists (0.3ms)[0m  [1m[34mSELECT  1 AS one FROM "posts" LIMIT ?[0m  [["LIMIT", 1]]
  [1m[36mPost Load (0.2ms)[0m  [1m[34mSELECT "posts".* FROM "posts"[0m
  [1m[36mMember Load (0.4ms)[0m  [1m[34mSELECT  "members".* FROM "members" LIMIT ?[0m  [["LIMIT", 11]]
  [1m[36mMember Load (0.2ms)[0m  [1m[34mSELECT  "members".* FROM "members" LIMIT ?[0m  [["LIMIT", 11]]
  [1m[36mMember Load (0.2ms)[0m  [1m[34mSELECT  "members".* FROM "members" ORDER BY "members"."id" ASC LIMIT ?[0m  [["LIMIT", 1]]
  [1m[36mPost Exists (0.2ms)[0m  [1m[34mSELECT  1 AS one FROM "posts" WHERE "posts"."member_id" = ? LIMIT ?[0m  [["member_id", 1], ["LIMIT", 1]]
  [1m[36mPost Load (0.3ms)[0m  [1m[34mSELECT "posts".* FROM "posts" WHERE "posts"."member_id" = ?[0m  [["member_id", 1]]
  [1m[36mMember Load (0.8ms)[0m  [1m[34mSELECT  "members".* FROM "members" ORDER BY "members"."id" DESC LIMIT ?[0m  [["LIMIT", 1]]
  [1m[36mMember Load (0.3ms)[0m  [1m[34mSELECT  "members".* FROM "members" ORDER BY "members"."id" DESC LIMIT ?[0m  [["LIMIT", 1]]
Started GET "/" for 127.0.0.1 at 2018-03-22 17:23:13 +0800
  [1m[35m (0.2ms)[0m  [1m[34mSELECT "schema_migrations"."version" FROM "schema_migrations" ORDER BY "schema_migrations"."version" ASC[0m
Processing by PostsController#index as HTML
  Rendering posts/index.html.erb within layouts/application
  [1m[36mPost Load (0.3ms)[0m  [1m[34mSELECT "posts".* FROM "posts"[0m
  Rendered posts/index.html.erb within layouts/application (26.1ms)
Completed 200 OK in 698ms (Views: 645.6ms | ActiveRecord: 1.1ms)


Started GET "/" for 127.0.0.1 at 2018-03-22 17:26:06 +0800
Processing by PostsController#index as HTML
  Rendering posts/index.html.erb within layouts/application
  [1m[36mPost Load (1.9ms)[0m  [1m[34mSELECT "posts".* FROM "posts"[0m
  Rendered posts/index.html.erb within layouts/application (27.1ms)
Completed 200 OK in 339ms (Views: 306.9ms | ActiveRecord: 1.9ms)


Started GET "/" for 127.0.0.1 at 2018-03-22 17:27:44 +0800
Processing by PostsController#index as HTML
  Rendering posts/index.html.erb within layouts/application
  [1m[36mPost Load (0.3ms)[0m  [1m[34mSELECT "posts".* FROM "posts"[0m
  Rendered posts/index.html.erb within layouts/application (3.4ms)
Completed 200 OK in 143ms (Views: 138.1ms | ActiveRecord: 0.3ms)


Started GET "/" for 127.0.0.1 at 2018-03-22 17:29:52 +0800
Processing by PostsController#index as HTML
  Rendering posts/index.html.erb within layouts/application
  [1m[36mPost Load (1.7ms)[0m  [1m[34mSELECT "posts".* FROM "posts"[0m
  Rendered posts/index.html.erb within layouts/application (29.3ms)
Completed 200 OK in 329ms (Views: 301.0ms | ActiveRecord: 1.7ms)


Started GET "/" for 127.0.0.1 at 2018-03-22 17:31:24 +0800
Processing by PostsController#index as HTML
  Rendering posts/index.html.erb within layouts/application
  [1m[36mPost Load (1.1ms)[0m  [1m[34mSELECT "posts".* FROM "posts"[0m
  Rendered posts/index.html.erb within layouts/application (25.3ms)
Completed 200 OK in 382ms (Views: 361.6ms | ActiveRecord: 1.1ms)


Started GET "/" for 127.0.0.1 at 2018-03-22 17:32:56 +0800
Processing by PostsController#index as HTML
  Rendering posts/index.html.erb within layouts/application
  [1m[36mPost Load (1.2ms)[0m  [1m[34mSELECT "posts".* FROM "posts"[0m
  Rendered posts/index.html.erb within layouts/application (34.1ms)
Completed 200 OK in 331ms (Views: 295.3ms | ActiveRecord: 1.2ms)


Started GET "/" for 127.0.0.1 at 2018-03-22 17:33:00 +0800
Processing by PostsController#index as HTML
  Rendering posts/index.html.erb within layouts/application
  [1m[36mPost Load (0.3ms)[0m  [1m[34mSELECT "posts".* FROM "posts"[0m
  Rendered posts/index.html.erb within layouts/application (3.6ms)
Completed 200 OK in 85ms (Views: 78.6ms | ActiveRecord: 0.3ms)


Started GET "/" for 127.0.0.1 at 2018-03-22 17:33:58 +0800
Processing by PostsController#index as HTML
  Rendering posts/index.html.erb within layouts/application
  [1m[36mPost Load (0.3ms)[0m  [1m[34mSELECT "posts".* FROM "posts"[0m
  Rendered posts/index.html.erb within layouts/application (3.5ms)
Completed 200 OK in 159ms (Views: 153.5ms | ActiveRecord: 0.3ms)


Started GET "/" for 127.0.0.1 at 2018-03-22 17:34:37 +0800
Processing by PostsController#index as HTML
  Rendering posts/index.html.erb within layouts/application
  [1m[36mPost Load (1.2ms)[0m  [1m[34mSELECT "posts".* FROM "posts"[0m
  Rendered posts/index.html.erb within layouts/application (18.3ms)
Completed 200 OK in 164ms (Views: 147.2ms | ActiveRecord: 1.2ms)


Started GET "/" for 127.0.0.1 at 2018-03-22 17:35:43 +0800
Processing by PostsController#index as HTML
  Rendering posts/index.html.erb within layouts/application
  [1m[36mPost Load (0.4ms)[0m  [1m[34mSELECT "posts".* FROM "posts"[0m
  Rendered posts/index.html.erb within layouts/application (3.5ms)
Completed 200 OK in 143ms (Views: 137.4ms | ActiveRecord: 0.4ms)


Started GET "/" for 127.0.0.1 at 2018-03-22 17:40:02 +0800
Processing by PostsController#index as HTML
  Rendering posts/index.html.erb within layouts/application
  [1m[36mPost Load (1.4ms)[0m  [1m[34mSELECT "posts".* FROM "posts"[0m
  Rendered posts/index.html.erb within layouts/application (22.0ms)
Completed 200 OK in 206ms (Views: 181.5ms | ActiveRecord: 1.4ms)


Started GET "/" for 127.0.0.1 at 2018-03-22 17:40:32 +0800
Processing by PostsController#index as HTML
  Rendering posts/index.html.erb within layouts/application
  [1m[36mPost Load (0.4ms)[0m  [1m[34mSELECT "posts".* FROM "posts"[0m
  Rendered posts/index.html.erb within layouts/application (4.7ms)
Completed 200 OK in 146ms (Views: 139.3ms | ActiveRecord: 0.4ms)


Started GET "/" for 127.0.0.1 at 2018-03-22 17:40:35 +0800
Processing by PostsController#index as HTML
  Rendering posts/index.html.erb within layouts/application
  [1m[36mPost Load (0.5ms)[0m  [1m[34mSELECT "posts".* FROM "posts"[0m
  Rendered posts/index.html.erb within layouts/application (4.2ms)
Completed 200 OK in 99ms (Views: 93.4ms | ActiveRecord: 0.5ms)


Started GET "/" for 127.0.0.1 at 2018-03-22 17:48:37 +0800
Processing by PostsController#index as HTML
  Rendering posts/index.html.erb within layouts/application
  [1m[36mPost Load (0.3ms)[0m  [1m[34mSELECT "posts".* FROM "posts"[0m
  Rendered posts/index.html.erb within layouts/application (29.3ms)
Completed 200 OK in 200ms (Views: 171.7ms | ActiveRecord: 2.2ms)


Started GET "/" for 127.0.0.1 at 2018-03-22 17:49:34 +0800
Processing by PostsController#index as HTML
  Rendering posts/index.html.erb within layouts/application
  [1m[36mPost Load (0.3ms)[0m  [1m[34mSELECT "posts".* FROM "posts"[0m
  Rendered posts/index.html.erb within layouts/application (3.2ms)
Completed 200 OK in 141ms (Views: 135.6ms | ActiveRecord: 0.3ms)


Started GET "/" for 127.0.0.1 at 2018-03-22 17:49:35 +0800
Processing by PostsController#index as HTML
  Rendering posts/index.html.erb within layouts/application
  [1m[36mPost Load (0.3ms)[0m  [1m[34mSELECT "posts".* FROM "posts"[0m
  Rendered posts/index.html.erb within layouts/application (2.5ms)
Completed 200 OK in 58ms (Views: 53.4ms | ActiveRecord: 0.3ms)


Started GET "/" for 127.0.0.1 at 2018-03-22 17:49:47 +0800
Processing by PostsController#index as HTML
  Rendering posts/index.html.erb within layouts/application
  [1m[36mPost Load (0.3ms)[0m  [1m[34mSELECT "posts".* FROM "posts"[0m
  Rendered posts/index.html.erb within layouts/application (3.6ms)
Completed 200 OK in 135ms (Views: 129.4ms | ActiveRecord: 0.3ms)


Started GET "/" for 127.0.0.1 at 2018-03-22 17:52:01 +0800
Processing by PostsController#index as HTML
  Rendering posts/index.html.erb within layouts/application
  [1m[36mPost Load (1.6ms)[0m  [1m[34mSELECT "posts".* FROM "posts"[0m
  Rendered posts/index.html.erb within layouts/application (26.6ms)
Completed 200 OK in 197ms (Views: 177.9ms | ActiveRecord: 1.6ms)


Started GET "/" for 127.0.0.1 at 2018-03-22 17:52:04 +0800
Processing by PostsController#index as HTML
  Rendering posts/index.html.erb within layouts/application
  [1m[36mPost Load (0.3ms)[0m  [1m[34mSELECT "posts".* FROM "posts"[0m
  Rendered posts/index.html.erb within layouts/application (2.4ms)
Completed 200 OK in 51ms (Views: 45.8ms | ActiveRecord: 0.3ms)


  [1m[35m (0.8ms)[0m  [1m[34mSELECT "schema_migrations"."version" FROM "schema_migrations" ORDER BY "schema_migrations"."version" ASC[0m
Migrating to AddPostedImageToPosts (20180323084258)
  [1m[35m (0.1ms)[0m  [1m[36mbegin transaction[0m
  [1m[35m (1.7ms)[0m  [1m[35mALTER TABLE "posts" ADD "posted_image_id" varchar[0m
  [1m[35mSQL (0.9ms)[0m  [1m[32mINSERT INTO "schema_migrations" ("version") VALUES (?)[0m  [["version", "20180323084258"]]
  [1m[35m (2.7ms)[0m  [1m[36mcommit transaction[0m
  [1m[36mActiveRecord::InternalMetadata Load (2.4ms)[0m  [1m[34mSELECT  "ar_internal_metadata".* FROM "ar_internal_metadata" WHERE "ar_internal_metadata"."key" = ? LIMIT ?[0m  [["key", "environment"], ["LIMIT", 1]]
  [1m[35m (0.1ms)[0m  [1m[36mbegin transaction[0m
  [1m[35m (0.1ms)[0m  [1m[36mcommit transaction[0m
  [1m[35m (1.0ms)[0m  [1m[34mSELECT "schema_migrations"."version" FROM "schema_migrations" ORDER BY "schema_migrations"."version" ASC[0m
Started GET "/" for 127.0.0.1 at 2018-03-23 16:47:28 +0800
  [1m[35m (0.8ms)[0m  [1m[34mSELECT "schema_migrations"."version" FROM "schema_migrations" ORDER BY "schema_migrations"."version" ASC[0m
Processing by PostsController#index as HTML
  Rendering posts/index.html.erb within layouts/application
  [1m[36mPost Load (0.9ms)[0m  [1m[34mSELECT "posts".* FROM "posts"[0m
  Rendered posts/index.html.erb within layouts/application (21.5ms)
Completed 200 OK in 514ms (Views: 481.9ms | ActiveRecord: 1.7ms)


Started GET "/" for 127.0.0.1 at 2018-03-23 16:47:34 +0800
Processing by PostsController#index as HTML
  Rendering posts/index.html.erb within layouts/application
  [1m[36mPost Load (0.5ms)[0m  [1m[34mSELECT "posts".* FROM "posts"[0m
  Rendered posts/index.html.erb within layouts/application (4.9ms)
Completed 200 OK in 63ms (Views: 56.9ms | ActiveRecord: 0.5ms)


Started GET "/posts" for 127.0.0.1 at 2018-03-23 16:47:35 +0800
Processing by PostsController#index as HTML
  Rendering posts/index.html.erb within layouts/application
  [1m[36mPost Load (0.4ms)[0m  [1m[34mSELECT "posts".* FROM "posts"[0m
  Rendered posts/index.html.erb within layouts/application (2.8ms)
Completed 200 OK in 137ms (Views: 127.6ms | ActiveRecord: 0.4ms)


Started GET "/posts/2" for 127.0.0.1 at 2018-03-23 16:47:37 +0800
Processing by PostsController#show as HTML
  Parameters: {"id"=>"2"}
  [1m[36mPost Load (0.4ms)[0m  [1m[34mSELECT  "posts".* FROM "posts" WHERE "posts"."id" = ? LIMIT ?[0m  [["id", 2], ["LIMIT", 1]]
  Rendering posts/show.html.erb within layouts/application
  Rendered posts/show.html.erb within layouts/application (1.3ms)
Completed 200 OK in 353ms (Views: 262.3ms | ActiveRecord: 0.4ms)


Started GET "/posts/2" for 127.0.0.1 at 2018-03-23 16:47:40 +0800
Processing by PostsController#show as HTML
  Parameters: {"id"=>"2"}
  [1m[36mPost Load (0.3ms)[0m  [1m[34mSELECT  "posts".* FROM "posts" WHERE "posts"."id" = ? LIMIT ?[0m  [["id", 2], ["LIMIT", 1]]
  Rendering posts/show.html.erb within layouts/application
  Rendered posts/show.html.erb within layouts/application (1.0ms)
Completed 200 OK in 121ms (Views: 114.5ms | ActiveRecord: 0.3ms)


Started GET "/posts/new" for 127.0.0.1 at 2018-03-23 16:47:41 +0800
Processing by PostsController#new as HTML
  Rendering posts/new.html.erb within layouts/application
  Rendered posts/_form.html.erb (89.4ms)
  Rendered posts/new.html.erb within layouts/application (95.4ms)
Completed 200 OK in 159ms (Views: 143.7ms | ActiveRecord: 0.0ms)


Started POST "/posts" for 127.0.0.1 at 2018-03-23 16:48:10 +0800
Processing by PostsController#create as HTML
  Parameters: {"utf8"=>"✓", "authenticity_token"=>"Y2pqIDoxC3ydoaKVUyzjgPjJLQRaezoLnV9vn0/dDTxItoqdJG2yLwV8jY6+pjGCjXMRSCKwMx6WdWtMdKFHbg==", "post"=>{"posted_image"=>#<ActionDispatch::Http::UploadedFile:0x007fbcff39a3a0 @tempfile=#<Tempfile:/var/folders/mc/h2g46dvs2v54c0jl1dd7x9700000gn/T/RackMultipart20180323-19856-1s0qe69.png>, @original_filename="Screen Shot 2018-03-23 at 12.48.38 PM.png", @content_type="image/png", @headers="Content-Disposition: form-data; name=\"post[posted_image]\"; filename=\"Screen Shot 2018-03-23 at 12.48.38 PM.png\"\r\nContent-Type: image/png\r\n">, "caption"=>"Aaa"}, "commit"=>"Create Post"}
Unpermitted parameter: :posted_image
  [1m[35m (0.6ms)[0m  [1m[36mbegin transaction[0m
  [1m[35m (0.2ms)[0m  [1m[31mrollback transaction[0m
  Rendering posts/new.html.erb within layouts/application
  Rendered posts/_form.html.erb (10.5ms)
  Rendered posts/new.html.erb within layouts/application (19.8ms)
Completed 200 OK in 216ms (Views: 131.5ms | ActiveRecord: 0.9ms)


Started POST "/posts" for 127.0.0.1 at 2018-03-23 16:50:46 +0800
Processing by PostsController#create as HTML
  Parameters: {"utf8"=>"✓", "authenticity_token"=>"Y2pqIDoxC3ydoaKVUyzjgPjJLQRaezoLnV9vn0/dDTxItoqdJG2yLwV8jY6+pjGCjXMRSCKwMx6WdWtMdKFHbg==", "post"=>{"posted_image"=>#<ActionDispatch::Http::UploadedFile:0x007fbcfef6f848 @tempfile=#<Tempfile:/var/folders/mc/h2g46dvs2v54c0jl1dd7x9700000gn/T/RackMultipart20180323-19856-1rt7q78.png>, @original_filename="Screen Shot 2018-03-23 at 12.48.38 PM.png", @content_type="image/png", @headers="Content-Disposition: form-data; name=\"post[posted_image]\"; filename=\"Screen Shot 2018-03-23 at 12.48.38 PM.png\"\r\nContent-Type: image/png\r\n">, "caption"=>"Aaa"}, "commit"=>"Create Post"}
Completed 500 Internal Server Error in 6ms


  
SyntaxError (/Users/ulysses/workshop/workbench/projects/clientdev/IkigaiDojo/dojo/Term One/week 3/ulysses-instaglam/app/models/post.rb:3: syntax error, unexpected keyword_true, expecting keyword_end
ngs_to :member, :optional true
                              ^):
  
app/models/post.rb:3: syntax error, unexpected keyword_true, expecting keyword_end
app/controllers/posts_controller.rb:28:in `create'
Started POST "/posts" for 127.0.0.1 at 2018-03-23 16:51:23 +0800
Processing by PostsController#create as HTML
  Parameters: {"utf8"=>"✓", "authenticity_token"=>"Y2pqIDoxC3ydoaKVUyzjgPjJLQRaezoLnV9vn0/dDTxItoqdJG2yLwV8jY6+pjGCjXMRSCKwMx6WdWtMdKFHbg==", "post"=>{"posted_image"=>#<ActionDispatch::Http::UploadedFile:0x007fbd00b84948 @tempfile=#<Tempfile:/var/folders/mc/h2g46dvs2v54c0jl1dd7x9700000gn/T/RackMultipart20180323-19856-1pb54g4.png>, @original_filename="Screen Shot 2018-03-23 at 12.48.38 PM.png", @content_type="image/png", @headers="Content-Disposition: form-data; name=\"post[posted_image]\"; filename=\"Screen Shot 2018-03-23 at 12.48.38 PM.png\"\r\nContent-Type: image/png\r\n">, "caption"=>"Aaa"}, "commit"=>"Create Post"}
Unpermitted parameter: :posted_image
  [1m[35m (0.1ms)[0m  [1m[36mbegin transaction[0m
  [1m[35mSQL (3.2ms)[0m  [1m[32mINSERT INTO "posts" ("caption", "created_at", "updated_at") VALUES (?, ?, ?)[0m  [["caption", "Aaa"], ["created_at", "2018-03-23 08:51:24.152010"], ["updated_at", "2018-03-23 08:51:24.152010"]]
  [1m[35m (3.3ms)[0m  [1m[36mcommit transaction[0m
Redirected to http://localhost:3000/posts/5
Completed 302 Found in 79ms (ActiveRecord: 8.5ms)


Started GET "/posts/5" for 127.0.0.1 at 2018-03-23 16:51:25 +0800
Processing by PostsController#show as HTML
  Parameters: {"id"=>"5"}
  [1m[36mPost Load (0.4ms)[0m  [1m[34mSELECT  "posts".* FROM "posts" WHERE "posts"."id" = ? LIMIT ?[0m  [["id", 5], ["LIMIT", 1]]
  Rendering posts/show.html.erb within layouts/application
  Rendered posts/show.html.erb within layouts/application (2.3ms)
Completed 200 OK in 149ms (Views: 138.9ms | ActiveRecord: 0.4ms)


Started GET "/posts" for 127.0.0.1 at 2018-03-23 16:52:16 +0800
Processing by PostsController#index as HTML
  Rendering posts/index.html.erb within layouts/application
  [1m[36mPost Load (0.4ms)[0m  [1m[34mSELECT "posts".* FROM "posts"[0m
  Rendered posts/index.html.erb within layouts/application (4.3ms)
Completed 200 OK in 119ms (Views: 99.1ms | ActiveRecord: 0.4ms)


Started GET "/posts/new" for 127.0.0.1 at 2018-03-23 16:55:07 +0800
  [1m[35m (0.9ms)[0m  [1m[34mSELECT "schema_migrations"."version" FROM "schema_migrations" ORDER BY "schema_migrations"."version" ASC[0m
Processing by PostsController#new as HTML
  Rendering posts/new.html.erb within layouts/application
  Rendered posts/_form.html.erb (85.3ms)
  Rendered posts/new.html.erb within layouts/application (109.3ms)
Completed 200 OK in 702ms (Views: 630.7ms | ActiveRecord: 1.4ms)


Started POST "/posts" for 127.0.0.1 at 2018-03-23 16:55:20 +0800
Processing by PostsController#create as HTML
  Parameters: {"utf8"=>"✓", "authenticity_token"=>"gX0IWtTsDqUWQX8lNUROAkgs/FhFJR/nB31pLXURTduqoejnyrC39o6cUD7YzpwAPZbAFD3uFvIMV23+Tm0HiQ==", "post"=>{"posted_image"=>#<ActionDispatch::Http::UploadedFile:0x007fc17a16a9e8 @tempfile=#<Tempfile:/var/folders/mc/h2g46dvs2v54c0jl1dd7x9700000gn/T/RackMultipart20180323-20084-120nmj0.png>, @original_filename="Screen Shot 2018-03-23 at 12.48.38 PM.png", @content_type="image/png", @headers="Content-Disposition: form-data; name=\"post[posted_image]\"; filename=\"Screen Shot 2018-03-23 at 12.48.38 PM.png\"\r\nContent-Type: image/png\r\n">, "caption"=>"Bbb"}, "commit"=>"Create Post"}
Unpermitted parameter: :posted_image
  [1m[35m (0.1ms)[0m  [1m[36mbegin transaction[0m
  [1m[35mSQL (9.6ms)[0m  [1m[32mINSERT INTO "posts" ("caption", "created_at", "updated_at") VALUES (?, ?, ?)[0m  [["caption", "Bbb"], ["created_at", "2018-03-23 08:55:20.800098"], ["updated_at", "2018-03-23 08:55:20.800098"]]
  [1m[35m (3.3ms)[0m  [1m[36mcommit transaction[0m
Redirected to http://localhost:3000/posts/6
Completed 302 Found in 20ms (ActiveRecord: 13.2ms)


Started GET "/posts/6" for 127.0.0.1 at 2018-03-23 16:55:20 +0800
Processing by PostsController#show as HTML
  Parameters: {"id"=>"6"}
  [1m[36mPost Load (0.4ms)[0m  [1m[34mSELECT  "posts".* FROM "posts" WHERE "posts"."id" = ? LIMIT ?[0m  [["id", 6], ["LIMIT", 1]]
  Rendering posts/show.html.erb within layouts/application
  Rendered posts/show.html.erb within layouts/application (1.1ms)
Completed 200 OK in 154ms (Views: 93.6ms | ActiveRecord: 0.4ms)


Started GET "/posts/new" for 127.0.0.1 at 2018-03-23 16:57:52 +0800
Started GET "/posts/new" for 127.0.0.1 at 2018-03-23 16:57:52 +0800
  [1m[35m (0.9ms)[0m  [1m[34mSELECT "schema_migrations"."version" FROM "schema_migrations" ORDER BY "schema_migrations"."version" ASC[0m
  [1m[35m (0.3ms)[0m  [1m[34mSELECT "schema_migrations"."version" FROM "schema_migrations" ORDER BY "schema_migrations"."version" ASC[0m
Processing by PostsController#new as HTML
Processing by PostsController#new as HTML
  Rendering posts/new.html.erb within layouts/application
  Rendering posts/new.html.erb within layouts/application
  Rendered posts/_form.html.erb (83.4ms)
  Rendered posts/_form.html.erb (81.9ms)
  Rendered posts/new.html.erb within layouts/application (101.5ms)
  Rendered posts/new.html.erb within layouts/application (100.6ms)
Completed 200 OK in 919ms (Views: 870.5ms | ActiveRecord: 0.0ms)


Completed 200 OK in 937ms (Views: 874.9ms | ActiveRecord: 0.9ms)


Started POST "/posts" for 127.0.0.1 at 2018-03-23 16:58:04 +0800
Processing by PostsController#create as HTML
  Parameters: {"utf8"=>"✓", "authenticity_token"=>"Ky6tvGYWequgtpHy1BUQgdMAqNfeI615PhKIf5esShEA8k0BeErD+Dhrvuk5n8KDprqUm6bopGw1OIysrNAAQw==", "post"=>{"posted_image"=>#<ActionDispatch::Http::UploadedFile:0x007fe8db65add0 @tempfile=#<Tempfile:/var/folders/mc/h2g46dvs2v54c0jl1dd7x9700000gn/T/RackMultipart20180323-20139-p29413.png>, @original_filename="Screen Shot 2018-03-23 at 12.48.38 PM.png", @content_type="image/png", @headers="Content-Disposition: form-data; name=\"post[posted_image]\"; filename=\"Screen Shot 2018-03-23 at 12.48.38 PM.png\"\r\nContent-Type: image/png\r\n">, "caption"=>"Ccc"}, "commit"=>"Create Post"}
  [1m[35m (0.0ms)[0m  [1m[36mbegin transaction[0m
  [1m[35mSQL (1.7ms)[0m  [1m[32mINSERT INTO "posts" ("caption", "created_at", "updated_at", "posted_image_id") VALUES (?, ?, ?, ?)[0m  [["caption", "Ccc"], ["created_at", "2018-03-23 08:58:04.962337"], ["updated_at", "2018-03-23 08:58:04.962337"], ["posted_image_id", "b465a4fe8d42c1704eb5b089ee708c2f521c6d9d09a96f8aaee8a5fa4fde"]]
  [1m[35m (3.3ms)[0m  [1m[36mcommit transaction[0m
Redirected to http://localhost:3000/posts/7
Completed 302 Found in 23ms (ActiveRecord: 5.4ms)


Started GET "/posts/7" for 127.0.0.1 at 2018-03-23 16:58:04 +0800
Processing by PostsController#show as HTML
  Parameters: {"id"=>"7"}
  [1m[36mPost Load (0.5ms)[0m  [1m[34mSELECT  "posts".* FROM "posts" WHERE "posts"."id" = ? LIMIT ?[0m  [["id", 7], ["LIMIT", 1]]
  Rendering posts/show.html.erb within layouts/application
  Rendered posts/show.html.erb within layouts/application (1.1ms)
Completed 200 OK in 129ms (Views: 69.7ms | ActiveRecord: 0.5ms)


Started GET "/posts" for 127.0.0.1 at 2018-03-23 17:00:45 +0800
Processing by PostsController#index as HTML
  Rendering posts/index.html.erb within layouts/application
  [1m[36mPost Load (2.0ms)[0m  [1m[34mSELECT "posts".* FROM "posts"[0m
  Rendered posts/index.html.erb within layouts/application (91.3ms)
Completed 500 Internal Server Error in 146ms (ActiveRecord: 2.0ms)


  
ActionView::Template::Error (undefined method `profile_image' for #<Post:0x007fe8db7044e8>):
    14: 	  <tbody>
    15: 	      <% @posts.each do |post| %>
    16: 				<tr>
    17: 					<td><%= image_tag attachment_url(post, :profile_image, :fill, 300, 300) %></td>
    18: 				</tr>	
    19: 		    <tr>
    20: 		      <td><%= post.caption %></td>
  
app/views/posts/index.html.erb:17:in `block in _app_views_posts_index_html_erb__3159076981705005649_70319051994140'
app/views/posts/index.html.erb:15:in `_app_views_posts_index_html_erb__3159076981705005649_70319051994140'
Started GET "/posts" for 127.0.0.1 at 2018-03-23 17:01:08 +0800
Processing by PostsController#index as HTML
  Rendering posts/index.html.erb within layouts/application
  [1m[36mPost Load (0.6ms)[0m  [1m[34mSELECT "posts".* FROM "posts"[0m
  Rendered posts/index.html.erb within layouts/application (8.1ms)
Completed 500 Internal Server Error in 52ms (ActiveRecord: 0.6ms)


  
ActionView::Template::Error (nil is not a valid asset source):
    14: 	  <tbody>
    15: 	      <% @posts.each do |post| %>
    16: 				<tr>
    17: 					<td><%= image_tag attachment_url(post, :posted_image, :fill, 300, 300) %></td>
    18: 				</tr>	
    19: 		    <tr>
    20: 		      <td><%= post.caption %></td>
  
app/views/posts/index.html.erb:17:in `block in _app_views_posts_index_html_erb__3159076981705005649_70319028346400'
app/views/posts/index.html.erb:15:in `_app_views_posts_index_html_erb__3159076981705005649_70319028346400'
Started GET "/posts" for 127.0.0.1 at 2018-03-23 17:02:42 +0800
Processing by PostsController#index as HTML
  Rendering posts/index.html.erb within layouts/application
  [1m[36mPost Load (0.3ms)[0m  [1m[34mSELECT "posts".* FROM "posts"[0m
  Rendered posts/index.html.erb within layouts/application (3.4ms)
Completed 200 OK in 164ms (Views: 158.2ms | ActiveRecord: 0.3ms)


Started GET "/attachments/ff591314a15bdd01c10e74a885130d8fb4a9985f/store/fill/300/300/b465a4fe8d42c1704eb5b089ee708c2f521c6d9d09a96f8aaee8a5fa4fde/posted_image" for 127.0.0.1 at 2018-03-23 17:02:43 +0800
Refile::App: [2018-03-23 17:02:44 +0800] GET "/ff591314a15bdd01c10e74a885130d8fb4a9985f/store/fill/300/300/b465a4fe8d42c1704eb5b089ee708c2f521c6d9d09a96f8aaee8a5fa4fde/posted_image" 200 879.8ms

Started GET "/posts" for 127.0.0.1 at 2018-03-23 17:03:27 +0800
Processing by PostsController#index as HTML
  Rendering posts/index.html.erb within layouts/application
  [1m[36mPost Load (0.5ms)[0m  [1m[34mSELECT "posts".* FROM "posts"[0m
  Rendered posts/index.html.erb within layouts/application (4.3ms)
Completed 200 OK in 98ms (Views: 89.9ms | ActiveRecord: 0.5ms)


Started GET "/attachments/dd2983fbac65240feeb7050e6bd46ab1cf4ef1ae/store/fill/150/150/b465a4fe8d42c1704eb5b089ee708c2f521c6d9d09a96f8aaee8a5fa4fde/posted_image" for 127.0.0.1 at 2018-03-23 17:03:27 +0800
Refile::App: [2018-03-23 17:03:27 +0800] GET "/dd2983fbac65240feeb7050e6bd46ab1cf4ef1ae/store/fill/150/150/b465a4fe8d42c1704eb5b089ee708c2f521c6d9d09a96f8aaee8a5fa4fde/posted_image" 200 356.3ms

Started GET "/posts/new" for 127.0.0.1 at 2018-03-23 17:03:46 +0800
Processing by PostsController#new as HTML
  Rendering posts/new.html.erb within layouts/application
  Rendered posts/_form.html.erb (12.2ms)
  Rendered posts/new.html.erb within layouts/application (18.3ms)
Completed 200 OK in 162ms (Views: 129.9ms | ActiveRecord: 0.0ms)


Started GET "/posts/new" for 127.0.0.1 at 2018-03-23 17:03:47 +0800
Processing by PostsController#new as HTML
  Rendering posts/new.html.erb within layouts/application
  Rendered posts/_form.html.erb (3.1ms)
  Rendered posts/new.html.erb within layouts/application (10.7ms)
Completed 200 OK in 72ms (Views: 64.1ms | ActiveRecord: 0.0ms)


